{"/home/travis/build/npmtest/node-npmtest-reflect-metadata/test.js":{"path":"/home/travis/build/npmtest/node-npmtest-reflect-metadata/test.js","s":{"1":2,"2":2,"3":2,"4":2,"5":2,"6":2,"7":2,"8":1,"9":2,"10":2,"11":1,"12":1,"13":1,"14":1,"15":2,"16":2,"17":2,"18":2,"19":1,"20":1,"21":2,"22":2,"23":2,"24":1,"25":1,"26":1,"27":1,"28":1,"29":1,"30":1,"31":1,"32":1,"33":1,"34":1,"35":1,"36":1,"37":1,"38":1,"39":2,"40":2,"41":1,"42":2,"43":2,"44":1,"45":2,"46":2,"47":1,"48":2,"49":2,"50":1,"51":1,"52":1,"53":1,"54":1},"b":{"1":[2,1,1,1],"2":[1,1,1,1],"3":[1,1],"4":[1,1],"5":[1,1],"6":[1,1],"7":[1,1],"8":[1,1],"9":[1,1],"10":[1,1,1],"11":[1,1],"12":[1,1],"13":[1,1],"14":[1,1],"15":[1,1],"16":[1,1],"17":[1,1]},"f":{"1":2,"2":2,"3":2,"4":2,"5":2,"6":1,"7":1,"8":1,"9":2,"10":2,"11":2,"12":2,"13":1},"fnMap":{"1":{"name":"(anonymous_1)","line":12,"loc":{"start":{"line":12,"column":1},"end":{"line":12,"column":13}}},"2":{"name":"(anonymous_2)","line":19,"loc":{"start":{"line":19,"column":5},"end":{"line":19,"column":17}}},"3":{"name":"(anonymous_3)","line":23,"loc":{"start":{"line":23,"column":24},"end":{"line":23,"column":36}}},"4":{"name":"(anonymous_4)","line":61,"loc":{"start":{"line":61,"column":5},"end":{"line":61,"column":17}}},"5":{"name":"(anonymous_5)","line":82,"loc":{"start":{"line":82,"column":5},"end":{"line":82,"column":17}}},"6":{"name":"(anonymous_6)","line":91,"loc":{"start":{"line":91,"column":77},"end":{"line":94,"column":10}}},"7":{"name":"(anonymous_7)","line":112,"loc":{"start":{"line":112,"column":83},"end":{"line":115,"column":10}},"skip":true},"8":{"name":"(anonymous_8)","line":123,"loc":{"start":{"line":123,"column":77},"end":{"line":126,"column":10}},"skip":true},"9":{"name":"(anonymous_9)","line":139,"loc":{"start":{"line":139,"column":12},"end":{"line":139,"column":40}},"skip":true},"10":{"name":"(anonymous_10)","line":147,"loc":{"start":{"line":147,"column":77},"end":{"line":150,"column":10}},"skip":true},"11":{"name":"(anonymous_11)","line":158,"loc":{"start":{"line":158,"column":83},"end":{"line":161,"column":10}},"skip":true},"12":{"name":"(anonymous_12)","line":169,"loc":{"start":{"line":169,"column":79},"end":{"line":172,"column":10}},"skip":true},"13":{"name":"(anonymous_13)","line":180,"loc":{"start":{"line":180,"column":75},"end":{"line":183,"column":10}},"skip":true}},"statementMap":{"1":{"start":{"line":12,"column":0},"end":{"line":195,"column":5}},"2":{"start":{"line":14,"column":4},"end":{"line":14,"column":14}},"3":{"start":{"line":19,"column":4},"end":{"line":56,"column":9}},"4":{"start":{"line":21,"column":8},"end":{"line":21,"column":19}},"5":{"start":{"line":23,"column":8},"end":{"line":35,"column":13}},"6":{"start":{"line":24,"column":12},"end":{"line":34,"column":13}},"7":{"start":{"line":25,"column":16},"end":{"line":28,"column":30}},"8":{"start":{"line":30,"column":16},"end":{"line":33,"column":27}},"9":{"start":{"line":37,"column":8},"end":{"line":39,"column":21}},"10":{"start":{"line":40,"column":8},"end":{"line":53,"column":9}},"11":{"start":{"line":43,"column":12},"end":{"line":46,"column":14}},"12":{"start":{"line":47,"column":12},"end":{"line":47,"column":18}},"13":{"start":{"line":50,"column":12},"end":{"line":51,"column":33}},"14":{"start":{"line":52,"column":12},"end":{"line":52,"column":18}},"15":{"start":{"line":55,"column":8},"end":{"line":55,"column":35}},"16":{"start":{"line":61,"column":4},"end":{"line":63,"column":9}},"17":{"start":{"line":62,"column":8},"end":{"line":62,"column":15}},"18":{"start":{"line":64,"column":4},"end":{"line":77,"column":5}},"19":{"start":{"line":70,"column":8},"end":{"line":70,"column":14}},"20":{"start":{"line":76,"column":8},"end":{"line":76,"column":14}},"21":{"start":{"line":82,"column":4},"end":{"line":84,"column":9}},"22":{"start":{"line":83,"column":8},"end":{"line":83,"column":15}},"23":{"start":{"line":85,"column":4},"end":{"line":194,"column":5}},"24":{"start":{"line":91,"column":8},"end":{"line":99,"column":10}},"25":{"start":{"line":98,"column":12},"end":{"line":98,"column":35}},"26":{"start":{"line":102,"column":8},"end":{"line":104,"column":63}},"27":{"start":{"line":105,"column":8},"end":{"line":105,"column":14}},"28":{"start":{"line":112,"column":8},"end":{"line":121,"column":10},"skip":true},"29":{"start":{"line":119,"column":12},"end":{"line":119,"column":55},"skip":true},"30":{"start":{"line":120,"column":12},"end":{"line":120,"column":48},"skip":true},"31":{"start":{"line":123,"column":8},"end":{"line":136,"column":10},"skip":true},"32":{"start":{"line":130,"column":12},"end":{"line":130,"column":76},"skip":true},"33":{"start":{"line":131,"column":12},"end":{"line":131,"column":73},"skip":true},"34":{"start":{"line":132,"column":12},"end":{"line":132,"column":74},"skip":true},"35":{"start":{"line":133,"column":12},"end":{"line":133,"column":79},"skip":true},"36":{"start":{"line":134,"column":12},"end":{"line":134,"column":25},"skip":true},"37":{"start":{"line":135,"column":12},"end":{"line":135,"column":45},"skip":true},"38":{"start":{"line":138,"column":8},"end":{"line":145,"column":14},"skip":true},"39":{"start":{"line":143,"column":16},"end":{"line":143,"column":29},"skip":true},"40":{"start":{"line":144,"column":16},"end":{"line":144,"column":55},"skip":true},"41":{"start":{"line":147,"column":8},"end":{"line":156,"column":10},"skip":true},"42":{"start":{"line":154,"column":12},"end":{"line":154,"column":25},"skip":true},"43":{"start":{"line":155,"column":12},"end":{"line":155,"column":45},"skip":true},"44":{"start":{"line":158,"column":8},"end":{"line":167,"column":10},"skip":true},"45":{"start":{"line":165,"column":12},"end":{"line":165,"column":25},"skip":true},"46":{"start":{"line":166,"column":12},"end":{"line":166,"column":48},"skip":true},"47":{"start":{"line":169,"column":8},"end":{"line":178,"column":10},"skip":true},"48":{"start":{"line":176,"column":12},"end":{"line":176,"column":25},"skip":true},"49":{"start":{"line":177,"column":12},"end":{"line":177,"column":46},"skip":true},"50":{"start":{"line":180,"column":8},"end":{"line":189,"column":10},"skip":true},"51":{"start":{"line":187,"column":12},"end":{"line":187,"column":94},"skip":true},"52":{"start":{"line":188,"column":12},"end":{"line":188,"column":48},"skip":true},"53":{"start":{"line":192,"column":8},"end":{"line":192,"column":35},"skip":true},"54":{"start":{"line":193,"column":8},"end":{"line":193,"column":14},"skip":true}},"branchMap":{"1":{"line":25,"type":"binary-expr","locations":[{"start":{"line":25,"column":23},"end":{"line":25,"column":62}},{"start":{"line":26,"column":20},"end":{"line":26,"column":70}},{"start":{"line":27,"column":20},"end":{"line":27,"column":71}},{"start":{"line":28,"column":20},"end":{"line":28,"column":29}}]},"2":{"line":30,"type":"binary-expr","locations":[{"start":{"line":30,"column":23},"end":{"line":30,"column":37}},{"start":{"line":31,"column":20},"end":{"line":31,"column":61}},{"start":{"line":32,"column":20},"end":{"line":32,"column":70}},{"start":{"line":33,"column":20},"end":{"line":33,"column":26}}]},"3":{"line":37,"type":"cond-expr","locations":[{"start":{"line":38,"column":14},"end":{"line":38,"column":20}},{"start":{"line":39,"column":14},"end":{"line":39,"column":20}}]},"4":{"line":40,"type":"switch","locations":[{"start":{"line":42,"column":8},"end":{"line":47,"column":18}},{"start":{"line":49,"column":8},"end":{"line":52,"column":18}}]},"5":{"line":44,"type":"binary-expr","locations":[{"start":{"line":44,"column":16},"end":{"line":44,"column":44}},{"start":{"line":44,"column":48},"end":{"line":44,"column":66}}]},"6":{"line":50,"type":"binary-expr","locations":[{"start":{"line":50,"column":21},"end":{"line":50,"column":49}},{"start":{"line":50,"column":53},"end":{"line":50,"column":72}}]},"7":{"line":64,"type":"switch","locations":[{"start":{"line":69,"column":4},"end":{"line":70,"column":14}},{"start":{"line":75,"column":4},"end":{"line":76,"column":14}}]},"8":{"line":85,"type":"switch","locations":[{"start":{"line":90,"column":4},"end":{"line":105,"column":14}},{"start":{"line":111,"column":4},"end":{"line":193,"column":14},"skip":true}]},"9":{"line":91,"type":"binary-expr","locations":[{"start":{"line":91,"column":42},"end":{"line":91,"column":73}},{"start":{"line":91,"column":77},"end":{"line":99,"column":9}}]},"10":{"line":102,"type":"binary-expr","locations":[{"start":{"line":102,"column":18},"end":{"line":102,"column":32}},{"start":{"line":103,"column":12},"end":{"line":103,"column":53}},{"start":{"line":104,"column":12},"end":{"line":104,"column":61}}]},"11":{"line":112,"type":"binary-expr","locations":[{"start":{"line":112,"column":45},"end":{"line":112,"column":79},"skip":true},{"start":{"line":112,"column":83},"end":{"line":121,"column":9},"skip":true}]},"12":{"line":123,"type":"binary-expr","locations":[{"start":{"line":123,"column":42},"end":{"line":123,"column":73},"skip":true},{"start":{"line":123,"column":77},"end":{"line":136,"column":9},"skip":true}]},"13":{"line":138,"type":"binary-expr","locations":[{"start":{"line":138,"column":48},"end":{"line":138,"column":85},"skip":true},{"start":{"line":139,"column":12},"end":{"line":145,"column":13},"skip":true}]},"14":{"line":147,"type":"binary-expr","locations":[{"start":{"line":147,"column":42},"end":{"line":147,"column":73},"skip":true},{"start":{"line":147,"column":77},"end":{"line":156,"column":9},"skip":true}]},"15":{"line":158,"type":"binary-expr","locations":[{"start":{"line":158,"column":45},"end":{"line":158,"column":79},"skip":true},{"start":{"line":158,"column":83},"end":{"line":167,"column":9},"skip":true}]},"16":{"line":169,"type":"binary-expr","locations":[{"start":{"line":169,"column":43},"end":{"line":169,"column":75},"skip":true},{"start":{"line":169,"column":79},"end":{"line":178,"column":9},"skip":true}]},"17":{"line":180,"type":"binary-expr","locations":[{"start":{"line":180,"column":41},"end":{"line":180,"column":71},"skip":true},{"start":{"line":180,"column":75},"end":{"line":189,"column":9},"skip":true}]}},"code":["/* istanbul instrument in package npmtest_reflect_metadata */","/*jslint","    bitwise: true,","    browser: true,","    maxerr: 8,","    maxlen: 96,","    node: true,","    nomen: true,","    regexp: true,","    stupid: true","*/","(function () {","    'use strict';","    var local;","","","","    // run shared js-env code - pre-init","    (function () {","        // init local","        local = {};","        // init modeJs","        local.modeJs = (function () {","            try {","                return typeof navigator.userAgent === 'string' &&","                    typeof document.querySelector('body') === 'object' &&","                    typeof XMLHttpRequest.prototype.open === 'function' &&","                    'browser';","            } catch (errorCaughtBrowser) {","                return module.exports &&","                    typeof process.versions.node === 'string' &&","                    typeof require('http').createServer === 'function' &&","                    'node';","            }","        }());","        // init global","        local.global = local.modeJs === 'browser'","            ? window","            : global;","        switch (local.modeJs) {","        // re-init local from window.local","        case 'browser':","            local = local.global.utility2.objectSetDefault(","                local.global.utility2_rollup || local.global.local,","                local.global.utility2","            );","            break;","        // re-init local from example.js","        case 'node':","            local = (local.global.utility2_rollup || require('utility2'))","                .requireReadme();","            break;","        }","        // export local","        local.global.local = local;","    }());","","","","    // run shared js-env code - function","    (function () {","        return;","    }());","    switch (local.modeJs) {","","","","    // run browser js-env code - function","    case 'browser':","        break;","","","","    // run node js-env code - function","    case 'node':","        break;","    }","","","","    // run shared js-env code - post-init","    (function () {","        return;","    }());","    switch (local.modeJs) {","","","","    // run browser js-env code - post-init","    case 'browser':","        local.testCase_browser_nullCase = local.testCase_browser_nullCase || function (","            options,","            onError","        ) {","        /*","         * this function will test browsers's null-case handling-behavior-behavior","         */","            onError(null, options);","        };","","        // run tests","        local.nop(local.modeTest &&","            document.querySelector('#testRunButton1') &&","            document.querySelector('#testRunButton1').click());","        break;","","","","    // run node js-env code - post-init","    /* istanbul ignore next */","    case 'node':","        local.testCase_buildApidoc_default = local.testCase_buildApidoc_default || function (","            options,","            onError","        ) {","        /*","         * this function will test buildApidoc's default handling-behavior-behavior","         */","            options = { modulePathList: module.paths };","            local.buildApidoc(options, onError);","        };","","        local.testCase_buildApp_default = local.testCase_buildApp_default || function (","            options,","            onError","        ) {","        /*","         * this function will test buildApp's default handling-behavior-behavior","         */","            local.testCase_buildReadme_default(options, local.onErrorThrow);","            local.testCase_buildLib_default(options, local.onErrorThrow);","            local.testCase_buildTest_default(options, local.onErrorThrow);","            local.testCase_buildCustomOrg_default(options, local.onErrorThrow);","            options = [];","            local.buildApp(options, onError);","        };","","        local.testCase_buildCustomOrg_default = local.testCase_buildCustomOrg_default ||","            function (options, onError) {","            /*","             * this function will test buildCustomOrg's default handling-behavior","             */","                options = {};","                local.buildCustomOrg(options, onError);","            };","","        local.testCase_buildLib_default = local.testCase_buildLib_default || function (","            options,","            onError","        ) {","        /*","         * this function will test buildLib's default handling-behavior","         */","            options = {};","            local.buildLib(options, onError);","        };","","        local.testCase_buildReadme_default = local.testCase_buildReadme_default || function (","            options,","            onError","        ) {","        /*","         * this function will test buildReadme's default handling-behavior-behavior","         */","            options = {};","            local.buildReadme(options, onError);","        };","","        local.testCase_buildTest_default = local.testCase_buildTest_default || function (","            options,","            onError","        ) {","        /*","         * this function will test buildTest's default handling-behavior","         */","            options = {};","            local.buildTest(options, onError);","        };","","        local.testCase_webpage_default = local.testCase_webpage_default || function (","            options,","            onError","        ) {","        /*","         * this function will test webpage's default handling-behavior","         */","            options = { modeCoverageMerge: true, url: local.serverLocalHost + '?modeTest=1' };","            local.browserTest(options, onError);","        };","","        // run test-server","        local.testRunServer(local);","        break;","    }","}());",""],"l":{"12":2,"14":2,"19":2,"21":2,"23":2,"24":2,"25":2,"30":1,"37":2,"40":2,"43":1,"47":1,"50":1,"52":1,"55":2,"61":2,"62":2,"64":2,"70":1,"76":1,"82":2,"83":2,"85":2,"91":1,"98":1,"102":1,"105":1,"112":1,"119":1,"120":1,"123":1,"130":1,"131":1,"132":1,"133":1,"134":1,"135":1,"138":1,"143":2,"144":2,"147":1,"154":2,"155":2,"158":1,"165":2,"166":2,"169":1,"176":2,"177":2,"180":1,"187":1,"188":1,"192":1,"193":1}},"/home/travis/build/npmtest/node-npmtest-reflect-metadata/lib.npmtest_reflect_metadata.js":{"path":"/home/travis/build/npmtest/node-npmtest-reflect-metadata/lib.npmtest_reflect_metadata.js","s":{"1":2,"2":2,"3":2,"4":2,"5":2,"6":2,"7":2,"8":1,"9":2,"10":2,"11":2,"12":2,"13":1,"14":1,"15":1,"16":1},"b":{"1":[2,1,1,1],"2":[1,1,1,1],"3":[1,1],"4":[2,2],"5":[1,1]},"f":{"1":2,"2":2,"3":2},"fnMap":{"1":{"name":"(anonymous_1)","line":12,"loc":{"start":{"line":12,"column":1},"end":{"line":12,"column":13}}},"2":{"name":"(anonymous_2)","line":19,"loc":{"start":{"line":19,"column":5},"end":{"line":19,"column":17}}},"3":{"name":"(anonymous_3)","line":23,"loc":{"start":{"line":23,"column":24},"end":{"line":23,"column":36}}}},"statementMap":{"1":{"start":{"line":12,"column":0},"end":{"line":53,"column":5}},"2":{"start":{"line":14,"column":4},"end":{"line":14,"column":14}},"3":{"start":{"line":19,"column":4},"end":{"line":52,"column":9}},"4":{"start":{"line":21,"column":8},"end":{"line":21,"column":19}},"5":{"start":{"line":23,"column":8},"end":{"line":35,"column":13}},"6":{"start":{"line":24,"column":12},"end":{"line":34,"column":13}},"7":{"start":{"line":25,"column":16},"end":{"line":28,"column":30}},"8":{"start":{"line":30,"column":16},"end":{"line":33,"column":27}},"9":{"start":{"line":37,"column":8},"end":{"line":39,"column":21}},"10":{"start":{"line":41,"column":8},"end":{"line":41,"column":54}},"11":{"start":{"line":43,"column":8},"end":{"line":43,"column":61}},"12":{"start":{"line":45,"column":8},"end":{"line":51,"column":9}},"13":{"start":{"line":46,"column":12},"end":{"line":46,"column":67}},"14":{"start":{"line":48,"column":12},"end":{"line":48,"column":35}},"15":{"start":{"line":49,"column":12},"end":{"line":49,"column":49}},"16":{"start":{"line":50,"column":12},"end":{"line":50,"column":43}}},"branchMap":{"1":{"line":25,"type":"binary-expr","locations":[{"start":{"line":25,"column":23},"end":{"line":25,"column":62}},{"start":{"line":26,"column":20},"end":{"line":26,"column":70}},{"start":{"line":27,"column":20},"end":{"line":27,"column":71}},{"start":{"line":28,"column":20},"end":{"line":28,"column":29}}]},"2":{"line":30,"type":"binary-expr","locations":[{"start":{"line":30,"column":23},"end":{"line":30,"column":37}},{"start":{"line":31,"column":20},"end":{"line":31,"column":61}},{"start":{"line":32,"column":20},"end":{"line":32,"column":70}},{"start":{"line":33,"column":20},"end":{"line":33,"column":26}}]},"3":{"line":37,"type":"cond-expr","locations":[{"start":{"line":38,"column":14},"end":{"line":38,"column":20}},{"start":{"line":39,"column":14},"end":{"line":39,"column":20}}]},"4":{"line":41,"type":"binary-expr","locations":[{"start":{"line":41,"column":16},"end":{"line":41,"column":44}},{"start":{"line":41,"column":48},"end":{"line":41,"column":53}}]},"5":{"line":45,"type":"if","locations":[{"start":{"line":45,"column":8},"end":{"line":45,"column":8}},{"start":{"line":45,"column":8},"end":{"line":45,"column":8}}]}},"code":["/* istanbul instrument in package npmtest_reflect_metadata */","/*jslint","    bitwise: true,","    browser: true,","    maxerr: 8,","    maxlen: 96,","    node: true,","    nomen: true,","    regexp: true,","    stupid: true","*/","(function () {","    'use strict';","    var local;","","","","    // run shared js-env code - pre-init","    (function () {","        // init local","        local = {};","        // init modeJs","        local.modeJs = (function () {","            try {","                return typeof navigator.userAgent === 'string' &&","                    typeof document.querySelector('body') === 'object' &&","                    typeof XMLHttpRequest.prototype.open === 'function' &&","                    'browser';","            } catch (errorCaughtBrowser) {","                return module.exports &&","                    typeof process.versions.node === 'string' &&","                    typeof require('http').createServer === 'function' &&","                    'node';","            }","        }());","        // init global","        local.global = local.modeJs === 'browser'","            ? window","            : global;","        // init utility2_rollup","        local = local.global.utility2_rollup || local;","        // init lib","        local.local = local.npmtest_reflect_metadata = local;","        // init exports","        if (local.modeJs === 'browser') {","            local.global.utility2_npmtest_reflect_metadata = local;","        } else {","            module.exports = local;","            module.exports.__dirname = __dirname;","            module.exports.module = module;","        }","    }());","}());",""],"l":{"12":2,"14":2,"19":2,"21":2,"23":2,"24":2,"25":2,"30":1,"37":2,"41":2,"43":2,"45":2,"46":1,"48":1,"49":1,"50":1}},"/home/travis/build/npmtest/node-npmtest-reflect-metadata/example.js":{"path":"/home/travis/build/npmtest/node-npmtest-reflect-metadata/example.js","s":{"1":2,"2":2,"3":2,"4":2,"5":2,"6":2,"7":2,"8":1,"9":2,"10":2,"11":2,"12":2,"13":1,"14":2,"15":2,"16":2,"17":2,"18":2,"19":0,"20":2,"21":1,"22":1,"23":1,"24":1,"25":1,"26":0,"27":0,"28":1,"29":1,"30":2,"31":0,"32":0,"33":0,"34":1,"35":2,"36":2,"37":3,"38":3,"39":3,"40":3,"41":0,"42":3,"43":3,"44":3,"45":1,"46":3,"47":1,"48":1,"49":1,"50":1,"51":1,"52":1,"53":1,"54":1,"55":1,"56":1,"57":0,"58":1,"59":6,"60":6,"61":1,"62":2,"63":0,"64":2,"65":1,"66":1,"67":0,"68":0,"69":0,"70":0,"71":0,"72":0,"73":0,"74":0,"75":0,"76":0,"77":0,"78":0,"79":0,"80":0,"81":0,"82":0,"83":0},"b":{"1":[2,1,1,1],"2":[1,1,1,1],"3":[1,1],"4":[2,2],"5":[1,1],"6":[1,1],"7":[2,0],"8":[2,1,1,1,1,1],"9":[0,2,0],"10":[1,1],"11":[2,1,1],"12":[1,0],"13":[0,2],"14":[2,0,0,0,0,0,0],"15":[0,3],"16":[3,0],"17":[1,1],"18":[0,1],"19":[1,2,0,2],"20":[1,0],"21":[1,1],"22":[0,0],"23":[0,0],"24":[0,0],"25":[0,0],"26":[0,0],"27":[0,0],"28":[0,0]},"f":{"1":2,"2":2,"3":2,"4":2,"5":2,"6":2,"7":3,"8":3,"9":3,"10":1,"11":6,"12":0},"fnMap":{"1":{"name":"(anonymous_1)","line":26,"loc":{"start":{"line":26,"column":1},"end":{"line":26,"column":13}}},"2":{"name":"(anonymous_2)","line":33,"loc":{"start":{"line":33,"column":5},"end":{"line":33,"column":17}}},"3":{"name":"(anonymous_3)","line":37,"loc":{"start":{"line":37,"column":24},"end":{"line":37,"column":36}}},"4":{"name":"(anonymous_4)","line":69,"loc":{"start":{"line":69,"column":31},"end":{"line":69,"column":48}},"skip":true},"5":{"name":"(anonymous_5)","line":78,"loc":{"start":{"line":78,"column":26},"end":{"line":78,"column":45}},"skip":true},"6":{"name":"(anonymous_6)","line":123,"loc":{"start":{"line":123,"column":33},"end":{"line":123,"column":48}},"skip":true},"7":{"name":"(anonymous_7)","line":125,"loc":{"start":{"line":125,"column":27},"end":{"line":125,"column":39}},"skip":true},"8":{"name":"(anonymous_8)","line":133,"loc":{"start":{"line":133,"column":59},"end":{"line":133,"column":74}},"skip":true},"9":{"name":"(anonymous_9)","line":143,"loc":{"start":{"line":143,"column":45},"end":{"line":143,"column":62}},"skip":true},"10":{"name":"(anonymous_10)","line":144,"loc":{"start":{"line":144,"column":73},"end":{"line":144,"column":92}},"skip":true},"11":{"name":"(anonymous_11)","line":272,"loc":{"start":{"line":272,"column":51},"end":{"line":272,"column":77}},"skip":true},"12":{"name":"(anonymous_12)","line":315,"loc":{"start":{"line":315,"column":32},"end":{"line":315,"column":61}},"skip":true}},"statementMap":{"1":{"start":{"line":26,"column":0},"end":{"line":326,"column":5}},"2":{"start":{"line":28,"column":4},"end":{"line":28,"column":14}},"3":{"start":{"line":33,"column":4},"end":{"line":60,"column":9}},"4":{"start":{"line":35,"column":8},"end":{"line":35,"column":19}},"5":{"start":{"line":37,"column":8},"end":{"line":49,"column":13}},"6":{"start":{"line":38,"column":12},"end":{"line":48,"column":13}},"7":{"start":{"line":39,"column":16},"end":{"line":42,"column":30}},"8":{"start":{"line":44,"column":16},"end":{"line":47,"column":27}},"9":{"start":{"line":51,"column":8},"end":{"line":53,"column":21}},"10":{"start":{"line":55,"column":8},"end":{"line":57,"column":45}},"11":{"start":{"line":59,"column":8},"end":{"line":59,"column":35}},"12":{"start":{"line":61,"column":4},"end":{"line":325,"column":5}},"13":{"start":{"line":69,"column":8},"end":{"line":121,"column":10},"skip":true},"14":{"start":{"line":70,"column":12},"end":{"line":88,"column":13},"skip":true},"15":{"start":{"line":76,"column":16},"end":{"line":87,"column":19},"skip":true},"16":{"start":{"line":79,"column":20},"end":{"line":86,"column":21},"skip":true},"17":{"start":{"line":82,"column":24},"end":{"line":82,"column":43},"skip":true},"18":{"start":{"line":83,"column":24},"end":{"line":83,"column":30},"skip":true},"19":{"start":{"line":85,"column":24},"end":{"line":85,"column":49},"skip":true},"20":{"start":{"line":89,"column":12},"end":{"line":107,"column":13},"skip":true},"21":{"start":{"line":92,"column":16},"end":{"line":102,"column":17},"skip":true},"22":{"start":{"line":93,"column":20},"end":{"line":93,"column":86},"skip":true},"23":{"start":{"line":94,"column":20},"end":{"line":95,"column":45},"skip":true},"24":{"start":{"line":96,"column":20},"end":{"line":96,"column":42},"skip":true},"25":{"start":{"line":97,"column":20},"end":{"line":97,"column":48},"skip":true},"26":{"start":{"line":100,"column":20},"end":{"line":100,"column":85},"skip":true},"27":{"start":{"line":101,"column":20},"end":{"line":101,"column":96},"skip":true},"28":{"start":{"line":103,"column":16},"end":{"line":103,"column":22},"skip":true},"29":{"start":{"line":106,"column":16},"end":{"line":106,"column":22},"skip":true},"30":{"start":{"line":108,"column":12},"end":{"line":120,"column":13},"skip":true},"31":{"start":{"line":114,"column":16},"end":{"line":119,"column":17},"skip":true},"32":{"start":{"line":116,"column":20},"end":{"line":116,"column":78},"skip":true},"33":{"start":{"line":118,"column":20},"end":{"line":118,"column":47},"skip":true},"34":{"start":{"line":123,"column":8},"end":{"line":141,"column":11},"skip":true},"35":{"start":{"line":124,"column":12},"end":{"line":124,"column":54},"skip":true},"36":{"start":{"line":125,"column":12},"end":{"line":140,"column":14},"skip":true},"37":{"start":{"line":126,"column":16},"end":{"line":126,"column":28},"skip":true},"38":{"start":{"line":127,"column":16},"end":{"line":127,"column":69},"skip":true},"39":{"start":{"line":128,"column":16},"end":{"line":128,"column":75},"skip":true},"40":{"start":{"line":129,"column":16},"end":{"line":131,"column":17},"skip":true},"41":{"start":{"line":130,"column":20},"end":{"line":130,"column":27},"skip":true},"42":{"start":{"line":133,"column":16},"end":{"line":137,"column":36},"skip":true},"43":{"start":{"line":134,"column":20},"end":{"line":136,"column":55},"skip":true},"44":{"start":{"line":139,"column":16},"end":{"line":139,"column":57},"skip":true},"45":{"start":{"line":143,"column":8},"end":{"line":147,"column":11},"skip":true},"46":{"start":{"line":144,"column":12},"end":{"line":146,"column":15},"skip":true},"47":{"start":{"line":145,"column":16},"end":{"line":145,"column":70},"skip":true},"48":{"start":{"line":149,"column":8},"end":{"line":149,"column":31},"skip":true},"49":{"start":{"line":150,"column":8},"end":{"line":150,"column":14},"skip":true},"50":{"start":{"line":158,"column":8},"end":{"line":158,"column":31},"skip":true},"51":{"start":{"line":160,"column":8},"end":{"line":160,"column":33},"skip":true},"52":{"start":{"line":161,"column":8},"end":{"line":161,"column":37},"skip":true},"53":{"start":{"line":162,"column":8},"end":{"line":162,"column":35},"skip":true},"54":{"start":{"line":164,"column":8},"end":{"line":164,"column":50},"skip":true},"55":{"start":{"line":166,"column":8},"end":{"line":256,"column":2},"skip":true},"56":{"start":{"line":258,"column":8},"end":{"line":286,"column":9},"skip":true},"57":{"start":{"line":259,"column":12},"end":{"line":269,"column":14},"skip":true},"58":{"start":{"line":271,"column":12},"end":{"line":285,"column":19},"skip":true},"59":{"start":{"line":274,"column":20},"end":{"line":274,"column":35},"skip":true},"60":{"start":{"line":275,"column":20},"end":{"line":284,"column":21},"skip":true},"61":{"start":{"line":277,"column":24},"end":{"line":277,"column":64},"skip":true},"62":{"start":{"line":279,"column":24},"end":{"line":279,"column":40},"skip":true},"63":{"start":{"line":281,"column":24},"end":{"line":281,"column":40},"skip":true},"64":{"start":{"line":283,"column":24},"end":{"line":283,"column":39},"skip":true},"65":{"start":{"line":288,"column":8},"end":{"line":290,"column":9},"skip":true},"66":{"start":{"line":289,"column":12},"end":{"line":289,"column":18},"skip":true},"67":{"start":{"line":291,"column":8},"end":{"line":293,"column":54},"skip":true},"68":{"start":{"line":296,"column":8},"end":{"line":301,"column":37},"skip":true},"69":{"start":{"line":303,"column":8},"end":{"line":303,"column":82},"skip":true},"70":{"start":{"line":306,"column":8},"end":{"line":308,"column":9},"skip":true},"71":{"start":{"line":307,"column":12},"end":{"line":307,"column":82},"skip":true},"72":{"start":{"line":310,"column":8},"end":{"line":312,"column":9},"skip":true},"73":{"start":{"line":311,"column":12},"end":{"line":311,"column":18},"skip":true},"74":{"start":{"line":313,"column":8},"end":{"line":313,"column":54},"skip":true},"75":{"start":{"line":314,"column":8},"end":{"line":314,"column":69},"skip":true},"76":{"start":{"line":315,"column":8},"end":{"line":323,"column":36},"skip":true},"77":{"start":{"line":316,"column":12},"end":{"line":316,"column":61},"skip":true},"78":{"start":{"line":317,"column":12},"end":{"line":320,"column":13},"skip":true},"79":{"start":{"line":318,"column":16},"end":{"line":318,"column":75},"skip":true},"80":{"start":{"line":319,"column":16},"end":{"line":319,"column":23},"skip":true},"81":{"start":{"line":321,"column":12},"end":{"line":321,"column":38},"skip":true},"82":{"start":{"line":322,"column":12},"end":{"line":322,"column":27},"skip":true},"83":{"start":{"line":324,"column":8},"end":{"line":324,"column":14},"skip":true}},"branchMap":{"1":{"line":39,"type":"binary-expr","locations":[{"start":{"line":39,"column":23},"end":{"line":39,"column":62}},{"start":{"line":40,"column":20},"end":{"line":40,"column":70}},{"start":{"line":41,"column":20},"end":{"line":41,"column":71}},{"start":{"line":42,"column":20},"end":{"line":42,"column":29}}]},"2":{"line":44,"type":"binary-expr","locations":[{"start":{"line":44,"column":23},"end":{"line":44,"column":37}},{"start":{"line":45,"column":20},"end":{"line":45,"column":61}},{"start":{"line":46,"column":20},"end":{"line":46,"column":70}},{"start":{"line":47,"column":20},"end":{"line":47,"column":26}}]},"3":{"line":51,"type":"cond-expr","locations":[{"start":{"line":52,"column":14},"end":{"line":52,"column":20}},{"start":{"line":53,"column":14},"end":{"line":53,"column":20}}]},"4":{"line":55,"type":"binary-expr","locations":[{"start":{"line":55,"column":16},"end":{"line":55,"column":44}},{"start":{"line":55,"column":49},"end":{"line":57,"column":43}}]},"5":{"line":55,"type":"cond-expr","locations":[{"start":{"line":56,"column":14},"end":{"line":56,"column":60}},{"start":{"line":57,"column":14},"end":{"line":57,"column":43}}]},"6":{"line":61,"type":"switch","locations":[{"start":{"line":68,"column":4},"end":{"line":150,"column":14},"skip":true},{"start":{"line":156,"column":4},"end":{"line":324,"column":14},"skip":true}]},"7":{"line":70,"type":"if","locations":[{"start":{"line":70,"column":12},"end":{"line":70,"column":12},"skip":true},{"start":{"line":70,"column":12},"end":{"line":70,"column":12},"skip":true}]},"8":{"line":70,"type":"binary-expr","locations":[{"start":{"line":70,"column":16},"end":{"line":70,"column":22},"skip":true},{"start":{"line":70,"column":27},"end":{"line":70,"column":32},"skip":true},{"start":{"line":71,"column":20},"end":{"line":71,"column":39},"skip":true},{"start":{"line":72,"column":20},"end":{"line":72,"column":49},"skip":true},{"start":{"line":73,"column":20},"end":{"line":73,"column":58},"skip":true},{"start":{"line":74,"column":20},"end":{"line":74,"column":69},"skip":true}]},"9":{"line":79,"type":"switch","locations":[{"start":{"line":80,"column":20},"end":{"line":80,"column":33},"skip":true},{"start":{"line":81,"column":20},"end":{"line":83,"column":30},"skip":true},{"start":{"line":84,"column":20},"end":{"line":85,"column":49},"skip":true}]},"10":{"line":89,"type":"switch","locations":[{"start":{"line":90,"column":12},"end":{"line":103,"column":22},"skip":true},{"start":{"line":105,"column":12},"end":{"line":106,"column":22},"skip":true}]},"11":{"line":89,"type":"binary-expr","locations":[{"start":{"line":89,"column":20},"end":{"line":89,"column":25},"skip":true},{"start":{"line":89,"column":29},"end":{"line":89,"column":48},"skip":true},{"start":{"line":89,"column":52},"end":{"line":89,"column":74},"skip":true}]},"12":{"line":92,"type":"if","locations":[{"start":{"line":92,"column":16},"end":{"line":92,"column":16},"skip":true},{"start":{"line":92,"column":16},"end":{"line":92,"column":16},"skip":true}]},"13":{"line":108,"type":"if","locations":[{"start":{"line":108,"column":12},"end":{"line":108,"column":12},"skip":true},{"start":{"line":108,"column":12},"end":{"line":108,"column":12},"skip":true}]},"14":{"line":108,"type":"binary-expr","locations":[{"start":{"line":108,"column":16},"end":{"line":108,"column":61},"skip":true},{"start":{"line":108,"column":66},"end":{"line":108,"column":72},"skip":true},{"start":{"line":108,"column":77},"end":{"line":108,"column":82},"skip":true},{"start":{"line":109,"column":20},"end":{"line":109,"column":39},"skip":true},{"start":{"line":110,"column":20},"end":{"line":110,"column":49},"skip":true},{"start":{"line":111,"column":20},"end":{"line":111,"column":58},"skip":true},{"start":{"line":112,"column":20},"end":{"line":112,"column":68},"skip":true}]},"15":{"line":129,"type":"if","locations":[{"start":{"line":129,"column":16},"end":{"line":129,"column":16},"skip":true},{"start":{"line":129,"column":16},"end":{"line":129,"column":16},"skip":true}]},"16":{"line":134,"type":"cond-expr","locations":[{"start":{"line":135,"column":26},"end":{"line":135,"column":29},"skip":true},{"start":{"line":136,"column":26},"end":{"line":136,"column":54},"skip":true}]},"17":{"line":164,"type":"binary-expr","locations":[{"start":{"line":164,"column":27},"end":{"line":164,"column":43},"skip":true},{"start":{"line":164,"column":47},"end":{"line":164,"column":49},"skip":true}]},"18":{"line":258,"type":"if","locations":[{"start":{"line":258,"column":8},"end":{"line":258,"column":8},"skip":true},{"start":{"line":258,"column":8},"end":{"line":258,"column":8},"skip":true}]},"19":{"line":275,"type":"switch","locations":[{"start":{"line":276,"column":20},"end":{"line":277,"column":64},"skip":true},{"start":{"line":278,"column":20},"end":{"line":279,"column":40},"skip":true},{"start":{"line":280,"column":20},"end":{"line":281,"column":40},"skip":true},{"start":{"line":282,"column":20},"end":{"line":283,"column":39},"skip":true}]},"20":{"line":288,"type":"if","locations":[{"start":{"line":288,"column":8},"end":{"line":288,"column":8},"skip":true},{"start":{"line":288,"column":8},"end":{"line":288,"column":8},"skip":true}]},"21":{"line":288,"type":"binary-expr","locations":[{"start":{"line":288,"column":12},"end":{"line":288,"column":40},"skip":true},{"start":{"line":288,"column":44},"end":{"line":288,"column":67},"skip":true}]},"22":{"line":292,"type":"binary-expr","locations":[{"start":{"line":292,"column":12},"end":{"line":292,"column":50},"skip":true},{"start":{"line":293,"column":12},"end":{"line":293,"column":53},"skip":true}]},"23":{"line":297,"type":"binary-expr","locations":[{"start":{"line":297,"column":12},"end":{"line":297,"column":74},"skip":true},{"start":{"line":298,"column":12},"end":{"line":301,"column":36},"skip":true}]},"24":{"line":303,"type":"binary-expr","locations":[{"start":{"line":303,"column":43},"end":{"line":303,"column":75},"skip":true},{"start":{"line":303,"column":79},"end":{"line":303,"column":81},"skip":true}]},"25":{"line":306,"type":"if","locations":[{"start":{"line":306,"column":8},"end":{"line":306,"column":8},"skip":true},{"start":{"line":306,"column":8},"end":{"line":306,"column":8},"skip":true}]},"26":{"line":310,"type":"if","locations":[{"start":{"line":310,"column":8},"end":{"line":310,"column":8},"skip":true},{"start":{"line":310,"column":8},"end":{"line":310,"column":8},"skip":true}]},"27":{"line":313,"type":"binary-expr","locations":[{"start":{"line":313,"column":27},"end":{"line":313,"column":43},"skip":true},{"start":{"line":313,"column":47},"end":{"line":313,"column":53},"skip":true}]},"28":{"line":317,"type":"if","locations":[{"start":{"line":317,"column":12},"end":{"line":317,"column":12},"skip":true},{"start":{"line":317,"column":12},"end":{"line":317,"column":12},"skip":true}]}},"code":["/*","example.js","","quickstart example","","instruction","    1. save this script as example.js","    2. run the shell command:","        $ npm install npmtest-reflect-metadata && PORT=8081 node example.js","    3. play with the browser-demo on http://127.0.0.1:8081","*/","","","","/* istanbul instrument in package npmtest_reflect_metadata */","/*jslint","    bitwise: true,","    browser: true,","    maxerr: 8,","    maxlen: 96,","    node: true,","    nomen: true,","    regexp: true,","    stupid: true","*/","(function () {","    'use strict';","    var local;","","","","    // run shared js-env code - pre-init","    (function () {","        // init local","        local = {};","        // init modeJs","        local.modeJs = (function () {","            try {","                return typeof navigator.userAgent === 'string' &&","                    typeof document.querySelector('body') === 'object' &&","                    typeof XMLHttpRequest.prototype.open === 'function' &&","                    'browser';","            } catch (errorCaughtBrowser) {","                return module.exports &&","                    typeof process.versions.node === 'string' &&","                    typeof require('http').createServer === 'function' &&","                    'node';","            }","        }());","        // init global","        local.global = local.modeJs === 'browser'","            ? window","            : global;","        // init utility2_rollup","        local = local.global.utility2_rollup || (local.modeJs === 'browser'","            ? local.global.utility2_npmtest_reflect_metadata","            : global.utility2_moduleExports);","        // export local","        local.global.local = local;","    }());","    switch (local.modeJs) {","","","","    // post-init","    // run browser js-env code - post-init","    /* istanbul ignore next */","    case 'browser':","        local.testRunBrowser = function (event) {","            if (!event || (event &&","                    event.currentTarget &&","                    event.currentTarget.className &&","                    event.currentTarget.className.includes &&","                    event.currentTarget.className.includes('onreset'))) {","                // reset output","                Array.from(","                    document.querySelectorAll('body > .resettable')","                ).forEach(function (element) {","                    switch (element.tagName) {","                    case 'INPUT':","                    case 'TEXTAREA':","                        element.value = '';","                        break;","                    default:","                        element.textContent = '';","                    }","                });","            }","            switch (event && event.currentTarget && event.currentTarget.id) {","            case 'testRunButton1':","                // show tests","                if (document.querySelector('#testReportDiv1').style.display === 'none') {","                    document.querySelector('#testReportDiv1').style.display = 'block';","                    document.querySelector('#testRunButton1').textContent =","                        'hide internal test';","                    local.modeTest = true;","                    local.testRunDefault(local);","                // hide tests","                } else {","                    document.querySelector('#testReportDiv1').style.display = 'none';","                    document.querySelector('#testRunButton1').textContent = 'run internal test';","                }","                break;","            // custom-case","            default:","                break;","            }","            if (document.querySelector('#inputTextareaEval1') && (!event || (event &&","                    event.currentTarget &&","                    event.currentTarget.className &&","                    event.currentTarget.className.includes &&","                    event.currentTarget.className.includes('oneval')))) {","                // try to eval input-code","                try {","                    /*jslint evil: true*/","                    eval(document.querySelector('#inputTextareaEval1').value);","                } catch (errorCaught) {","                    console.error(errorCaught);","                }","            }","        };","        // log stderr and stdout to #outputTextareaStdout1","        ['error', 'log'].forEach(function (key) {","            console[key + '_original'] = console[key];","            console[key] = function () {","                var element;","                console[key + '_original'].apply(console, arguments);","                element = document.querySelector('#outputTextareaStdout1');","                if (!element) {","                    return;","                }","                // append text to #outputTextareaStdout1","                element.value += Array.from(arguments).map(function (arg) {","                    return typeof arg === 'string'","                        ? arg","                        : JSON.stringify(arg, null, 4);","                }).join(' ') + '\\n';","                // scroll textarea to bottom","                element.scrollTop = element.scrollHeight;","            };","        });","        // init event-handling","        ['change', 'click', 'keyup'].forEach(function (event) {","            Array.from(document.querySelectorAll('.on' + event)).forEach(function (element) {","                element.addEventListener(event, local.testRunBrowser);","            });","        });","        // run tests","        local.testRunBrowser();","        break;","","","","    // run node js-env code - post-init","    /* istanbul ignore next */","    case 'node':","        // export local","        module.exports = local;","        // require modules","        local.fs = require('fs');","        local.http = require('http');","        local.url = require('url');","        // init assets","        local.assetsDict = local.assetsDict || {};","        /* jslint-ignore-begin */","        local.assetsDict['/assets.index.template.html'] = '\\","<!doctype html>\\n\\","<html lang=\"en\">\\n\\","<head>\\n\\","<meta charset=\"UTF-8\">\\n\\","<meta name=\"viewport\" content=\"width=device-width, initial-scale=1\">\\n\\","<title>{{env.npm_package_name}} (v{{env.npm_package_version}})</title>\\n\\","<style>\\n\\","/*csslint\\n\\","    box-sizing: false,\\n\\","    universal-selector: false\\n\\","*/\\n\\","* {\\n\\","    box-sizing: border-box;\\n\\","}\\n\\","body {\\n\\","    background: #dde;\\n\\","    font-family: Arial, Helvetica, sans-serif;\\n\\","    margin: 2rem;\\n\\","}\\n\\","body > * {\\n\\","    margin-bottom: 1rem;\\n\\","}\\n\\",".utility2FooterDiv {\\n\\","    margin-top: 20px;\\n\\","    text-align: center;\\n\\","}\\n\\","</style>\\n\\","<style>\\n\\","/*csslint\\n\\","*/\\n\\","textarea {\\n\\","    font-family: monospace;\\n\\","    height: 10rem;\\n\\","    width: 100%;\\n\\","}\\n\\","textarea[readonly] {\\n\\","    background: #ddd;\\n\\","}\\n\\","</style>\\n\\","</head>\\n\\","<body>\\n\\","<!-- utility2-comment\\n\\","<div id=\"ajaxProgressDiv1\" style=\"background: #d00; height: 2px; left: 0; margin: 0; padding: 0; position: fixed; top: 0; transition: background 0.5s, width 1.5s; width: 25%;\"></div>\\n\\","utility2-comment -->\\n\\","<h1>\\n\\","<!-- utility2-comment\\n\\","    <a\\n\\","        {{#if env.npm_package_homepage}}\\n\\","        href=\"{{env.npm_package_homepage}}\"\\n\\","        {{/if env.npm_package_homepage}}\\n\\","        target=\"_blank\"\\n\\","    >\\n\\","utility2-comment -->\\n\\","        {{env.npm_package_name}} (v{{env.npm_package_version}})\\n\\","<!-- utility2-comment\\n\\","    </a>\\n\\","utility2-comment -->\\n\\","</h1>\\n\\","<h3>{{env.npm_package_description}}</h3>\\n\\","<!-- utility2-comment\\n\\","<h4><a download href=\"assets.app.js\">download standalone app</a></h4>\\n\\","<button class=\"onclick onreset\" id=\"testRunButton1\">run internal test</button><br>\\n\\","<div id=\"testReportDiv1\" style=\"display: none;\"></div>\\n\\","utility2-comment -->\\n\\","\\n\\","\\n\\","\\n\\","<label>stderr and stdout</label>\\n\\","<textarea class=\"resettable\" id=\"outputTextareaStdout1\" readonly></textarea>\\n\\","<!-- utility2-comment\\n\\","{{#if isRollup}}\\n\\","<script src=\"assets.app.js\"></script>\\n\\","{{#unless isRollup}}\\n\\","utility2-comment -->\\n\\","<script src=\"assets.utility2.rollup.js\"></script>\\n\\","<script src=\"jsonp.utility2._stateInit?callback=window.utility2._stateInit\"></script>\\n\\","<script src=\"assets.npmtest_reflect_metadata.rollup.js\"></script>\\n\\","<script src=\"assets.example.js\"></script>\\n\\","<script src=\"assets.test.js\"></script>\\n\\","<!-- utility2-comment\\n\\","{{/if isRollup}}\\n\\","utility2-comment -->\\n\\","<div class=\"utility2FooterDiv\">\\n\\","    [ this app was created with\\n\\","    <a href=\"https://github.com/kaizhu256/node-utility2\" target=\"_blank\">utility2</a>\\n\\","    ]\\n\\","</div>\\n\\","</body>\\n\\","</html>\\n\\","';","        /* jslint-ignore-end */","        if (local.templateRender) {","            local.assetsDict['/'] = local.templateRender(","                local.assetsDict['/assets.index.template.html'],","                {","                    env: local.objectSetDefault(local.env, {","                        npm_package_description: 'the greatest app in the world!',","                        npm_package_name: 'my-app',","                        npm_package_nameAlias: 'my_app',","                        npm_package_version: '0.0.1'","                    })","                }","            );","        } else {","            local.assetsDict['/'] = local.assetsDict['/assets.index.template.html']","                .replace((/\\{\\{env\\.(\\w+?)\\}\\}/g), function (match0, match1) {","                    // jslint-hack","                    String(match0);","                    switch (match1) {","                    case 'npm_package_description':","                        return 'the greatest app in the world!';","                    case 'npm_package_name':","                        return 'my-app';","                    case 'npm_package_nameAlias':","                        return 'my_app';","                    case 'npm_package_version':","                        return '0.0.1';","                    }","                });","        }","        // run the cli","        if (local.global.utility2_rollup || module !== require.main) {","            break;","        }","        local.assetsDict['/assets.example.js'] =","            local.assetsDict['/assets.example.js'] ||","            local.fs.readFileSync(__filename, 'utf8');","        // bug-workaround - long $npm_package_buildCustomOrg","        /* jslint-ignore-begin */","        local.assetsDict['/assets.npmtest_reflect_metadata.rollup.js'] =","            local.assetsDict['/assets.npmtest_reflect_metadata.rollup.js'] ||","            local.fs.readFileSync(","                local.npmtest_reflect_metadata.__dirname + '/lib.npmtest_reflect_metadata.js',","                'utf8'","            ).replace((/^#!/), '//');","        /* jslint-ignore-end */","        local.assetsDict['/favicon.ico'] = local.assetsDict['/favicon.ico'] || '';","        // if $npm_config_timeout_exit exists,","        // then exit this process after $npm_config_timeout_exit ms","        if (Number(process.env.npm_config_timeout_exit)) {","            setTimeout(process.exit, Number(process.env.npm_config_timeout_exit));","        }","        // start server","        if (local.global.utility2_serverHttp1) {","            break;","        }","        process.env.PORT = process.env.PORT || '8081';","        console.error('server starting on port ' + process.env.PORT);","        local.http.createServer(function (request, response) {","            request.urlParsed = local.url.parse(request.url);","            if (local.assetsDict[request.urlParsed.pathname] !== undefined) {","                response.end(local.assetsDict[request.urlParsed.pathname]);","                return;","            }","            response.statusCode = 404;","            response.end();","        }).listen(process.env.PORT);","        break;","    }","}());",""],"l":{"26":2,"28":2,"33":2,"35":2,"37":2,"38":2,"39":2,"44":1,"51":2,"55":2,"59":2,"61":2,"69":1,"70":2,"76":2,"79":2,"82":2,"83":2,"85":1,"89":2,"92":1,"93":1,"94":1,"96":1,"97":1,"100":1,"101":1,"103":1,"106":1,"108":2,"114":1,"116":1,"118":1,"123":1,"124":2,"125":2,"126":3,"127":3,"128":3,"129":3,"130":1,"133":3,"134":3,"139":3,"143":1,"144":3,"145":1,"149":1,"150":1,"158":1,"160":1,"161":1,"162":1,"164":1,"166":1,"258":1,"259":1,"271":1,"274":6,"275":6,"277":1,"279":2,"281":1,"283":2,"288":1,"289":1,"291":1,"296":1,"303":1,"306":1,"307":1,"310":1,"311":1,"313":1,"314":1,"315":1,"316":1,"317":1,"318":1,"319":1,"321":1,"322":1,"324":1}},"/home/travis/build/npmtest/node-npmtest-reflect-metadata/node_modules/reflect-metadata/Reflect.js":{"path":"/home/travis/build/npmtest/node-npmtest-reflect-metadata/node_modules/reflect-metadata/Reflect.js","s":{"1":1,"2":1,"3":1,"4":1,"5":1,"6":1,"7":1,"8":1,"9":1,"10":1,"11":1,"12":1,"13":0,"14":0,"15":0,"16":1,"17":0,"18":0,"19":1,"20":0,"21":0,"22":1,"23":1,"24":1,"25":1,"26":1,"27":1,"28":1,"29":0,"30":0,"31":0,"32":0,"33":0,"34":0,"35":0,"36":0,"37":0,"38":0,"39":0,"40":0,"41":0,"42":0,"43":0,"44":0,"45":1,"46":1,"47":1,"48":0,"49":0,"50":0,"51":0,"52":0,"53":0,"54":1,"55":1,"56":0,"57":0,"58":0,"59":0,"60":0,"61":1,"62":1,"63":0,"64":0,"65":0,"66":0,"67":0,"68":1,"69":1,"70":0,"71":0,"72":0,"73":0,"74":0,"75":1,"76":1,"77":0,"78":0,"79":0,"80":0,"81":0,"82":1,"83":1,"84":0,"85":0,"86":0,"87":0,"88":0,"89":1,"90":1,"91":0,"92":0,"93":0,"94":0,"95":0,"96":1,"97":1,"98":0,"99":0,"100":0,"101":0,"102":0,"103":1,"104":1,"105":0,"106":0,"107":0,"108":0,"109":0,"110":0,"111":0,"112":0,"113":0,"114":0,"115":0,"116":0,"117":0,"118":0,"119":0,"120":0,"121":0,"122":1,"123":1,"124":0,"125":0,"126":0,"127":0,"128":0,"129":0,"130":0,"131":0,"132":1,"133":0,"134":0,"135":0,"136":0,"137":0,"138":0,"139":0,"140":0,"141":1,"142":0,"143":0,"144":0,"145":0,"146":0,"147":0,"148":0,"149":0,"150":0,"151":0,"152":0,"153":0,"154":0,"155":1,"156":0,"157":0,"158":0,"159":0,"160":0,"161":0,"162":0,"163":1,"164":0,"165":0,"166":0,"167":0,"168":1,"169":0,"170":0,"171":0,"172":0,"173":0,"174":0,"175":0,"176":1,"177":0,"178":0,"179":0,"180":0,"181":1,"182":0,"183":0,"184":1,"185":0,"186":0,"187":0,"188":0,"189":0,"190":0,"191":0,"192":0,"193":0,"194":0,"195":0,"196":0,"197":0,"198":0,"199":0,"200":0,"201":0,"202":0,"203":0,"204":0,"205":0,"206":0,"207":0,"208":0,"209":1,"210":0,"211":0,"212":0,"213":0,"214":0,"215":0,"216":0,"217":0,"218":0,"219":0,"220":0,"221":0,"222":0,"223":0,"224":0,"225":0,"226":0,"227":0,"228":0,"229":1,"230":0,"231":0,"232":0,"233":0,"234":0,"235":0,"236":0,"237":0,"238":0,"239":0,"240":1,"241":0,"242":1,"243":0,"244":1,"245":0,"246":1,"247":0,"248":1,"249":0,"250":0,"251":0,"252":0,"253":0,"254":0,"255":0,"256":0,"257":0,"258":0,"259":0,"260":0,"261":0,"262":0,"263":0,"264":1,"265":0,"266":0,"267":0,"268":0,"269":0,"270":0,"271":0,"272":0,"273":0,"274":0,"275":0,"276":0,"277":0,"278":0,"279":0,"280":0,"281":0,"282":0,"283":0,"284":0,"285":0,"286":0,"287":1,"288":0,"289":1,"290":0,"291":1,"292":0,"293":0,"294":0,"295":0,"296":1,"297":0,"298":1,"299":0,"300":1,"301":0,"302":1,"303":0,"304":0,"305":0,"306":0,"307":1,"308":0,"309":0,"310":0,"311":0,"312":0,"313":0,"314":1,"315":0,"316":0,"317":0,"318":0,"319":0,"320":0,"321":0,"322":1,"323":0,"324":1,"325":0,"326":0,"327":1,"328":0,"329":0,"330":0,"331":1,"332":0,"333":0,"334":0,"335":0,"336":0,"337":0,"338":0,"339":0,"340":0,"341":0,"342":0,"343":0,"344":0,"345":0,"346":0,"347":1,"348":0,"349":0,"350":0,"351":1,"352":0,"353":0,"354":0,"355":0,"356":0,"357":0,"358":0,"359":0,"360":0,"361":0,"362":0,"363":0,"364":0,"365":0,"366":0,"367":0,"368":0,"369":0,"370":0,"371":0,"372":0,"373":0,"374":0,"375":0,"376":0,"377":0,"378":0,"379":0,"380":0,"381":0,"382":0,"383":0,"384":0,"385":1,"386":0,"387":0,"388":0,"389":0,"390":0,"391":0,"392":0,"393":0,"394":0,"395":0,"396":0,"397":0,"398":0,"399":0,"400":0,"401":0,"402":0,"403":0,"404":0,"405":0,"406":0,"407":0,"408":0,"409":0,"410":0,"411":0,"412":0,"413":0,"414":0,"415":0,"416":0,"417":0,"418":0,"419":0,"420":0,"421":0,"422":0,"423":0,"424":0,"425":0,"426":0,"427":0,"428":0,"429":0,"430":0,"431":0,"432":0,"433":0,"434":0,"435":0,"436":0,"437":0,"438":0,"439":1,"440":0,"441":1,"442":0,"443":1,"444":0,"445":1,"446":0,"447":1,"448":0,"449":0,"450":0,"451":0,"452":0,"453":0,"454":0,"455":0,"456":0,"457":0,"458":0,"459":0,"460":0,"461":0,"462":0,"463":0,"464":0,"465":0,"466":0,"467":0,"468":0,"469":0,"470":1,"471":0,"472":0,"473":0,"474":0,"475":1,"476":0,"477":0,"478":0,"479":0,"480":0,"481":0,"482":0,"483":0,"484":0,"485":0,"486":0,"487":0,"488":0,"489":0,"490":0,"491":0,"492":0,"493":1,"494":0,"495":0,"496":0,"497":0,"498":0,"499":1,"500":0,"501":0,"502":0,"503":0,"504":0,"505":1,"506":0,"507":0,"508":0,"509":1,"510":0,"511":0,"512":0,"513":0,"514":0,"515":0,"516":0,"517":1,"518":0,"519":0,"520":0,"521":0,"522":0,"523":0,"524":0,"525":0,"526":0,"527":0,"528":0,"529":0,"530":1,"531":0,"532":0,"533":0,"534":1,"535":1,"536":1,"537":1,"538":10,"539":10,"540":0},"b":{"1":[1,0],"2":[1,1],"3":[1,0],"4":[1,1],"5":[1,0],"6":[1,0],"7":[0,0],"8":[0,1],"9":[0,1],"10":[0,0],"11":[1,1],"12":[1,1,1],"13":[1,0],"14":[1,1,1],"15":[1,0],"16":[1,1,1],"17":[1,0],"18":[1,1],"19":[0,0],"20":[0,0],"21":[0,0],"22":[0,0],"23":[0,0,0],"24":[0,0],"25":[0,0],"26":[0,0],"27":[0,0],"28":[0,0],"29":[0,0],"30":[0,0],"31":[0,0],"32":[0,0],"33":[0,0],"34":[0,0],"35":[0,0],"36":[0,0],"37":[0,0],"38":[0,0],"39":[0,0],"40":[0,0],"41":[0,0],"42":[0,0],"43":[0,0],"44":[0,0],"45":[0,0],"46":[0,0],"47":[0,0],"48":[0,0],"49":[0,0],"50":[0,0],"51":[0,0],"52":[0,0],"53":[0,0],"54":[0,0],"55":[0,0],"56":[0,0],"57":[0,0],"58":[0,0],"59":[0,0],"60":[0,0],"61":[0,0],"62":[0,0],"63":[0,0],"64":[0,0],"65":[0,0],"66":[0,0],"67":[0,0],"68":[0,0],"69":[0,0],"70":[0,0],"71":[0,0],"72":[0,0],"73":[0,0],"74":[0,0,0,0,0,0,0],"75":[0,0],"76":[0,0],"77":[0,0,0,0,0,0],"78":[0,0],"79":[0,0],"80":[0,0],"81":[0,0],"82":[0,0],"83":[0,0],"84":[0,0],"85":[0,0],"86":[0,0],"87":[0,0],"88":[0,0],"89":[0,0],"90":[0,0],"91":[0,0],"92":[0,0],"93":[0,0],"94":[0,0],"95":[0,0,0],"96":[0,0],"97":[0,0],"98":[0,0],"99":[0,0],"100":[0,0],"101":[0,0],"102":[0,0],"103":[0,0],"104":[0,0],"105":[0,0],"106":[0,0],"107":[0,0],"108":[0,0],"109":[0,0],"110":[0,0],"111":[0,0],"112":[0,0],"113":[0,0],"114":[0,0],"115":[0,0],"116":[0,0],"117":[0,0],"118":[0,0],"119":[0,0],"120":[0,0],"121":[0,0],"122":[0,0],"123":[0,0],"124":[0,0],"125":[0,0],"126":[0,0],"127":[0,0],"128":[0,0],"129":[0,0],"130":[0,0],"131":[0,0,0],"132":[0,0],"133":[1,0],"134":[1,0],"135":[10,0],"136":[1,0],"137":[0,0],"138":[1,1]},"f":{"1":1,"2":1,"3":0,"4":0,"5":0,"6":0,"7":0,"8":0,"9":0,"10":0,"11":0,"12":0,"13":0,"14":0,"15":0,"16":0,"17":0,"18":0,"19":0,"20":0,"21":0,"22":0,"23":0,"24":0,"25":0,"26":0,"27":0,"28":0,"29":0,"30":0,"31":0,"32":0,"33":0,"34":0,"35":0,"36":0,"37":0,"38":0,"39":0,"40":0,"41":0,"42":0,"43":0,"44":0,"45":0,"46":0,"47":0,"48":0,"49":0,"50":0,"51":0,"52":0,"53":0,"54":0,"55":0,"56":0,"57":0,"58":0,"59":0,"60":0,"61":0,"62":0,"63":0,"64":0,"65":0,"66":0,"67":0,"68":0,"69":0,"70":0,"71":0,"72":0,"73":0,"74":0,"75":0,"76":0,"77":0,"78":0,"79":0,"80":0,"81":0,"82":0,"83":0,"84":0,"85":0,"86":0,"87":0,"88":0,"89":0,"90":0,"91":0,"92":0,"93":0,"94":0,"95":0,"96":0,"97":0,"98":0,"99":0,"100":0,"101":0,"102":0,"103":1},"fnMap":{"1":{"name":"(anonymous_1)","line":16,"loc":{"start":{"line":16,"column":1},"end":{"line":16,"column":20}}},"2":{"name":"(anonymous_2)","line":24,"loc":{"start":{"line":24,"column":5},"end":{"line":24,"column":24}}},"3":{"name":"(anonymous_3)","line":30,"loc":{"start":{"line":30,"column":14},"end":{"line":30,"column":26}}},"4":{"name":"(anonymous_4)","line":32,"loc":{"start":{"line":32,"column":18},"end":{"line":32,"column":30}}},"5":{"name":"(anonymous_5)","line":33,"loc":{"start":{"line":33,"column":18},"end":{"line":33,"column":30}}},"6":{"name":"(anonymous_6)","line":35,"loc":{"start":{"line":35,"column":14},"end":{"line":35,"column":34}}},"7":{"name":"(anonymous_7)","line":36,"loc":{"start":{"line":36,"column":14},"end":{"line":36,"column":34}}},"8":{"name":"(anonymous_8)","line":38,"loc":{"start":{"line":38,"column":14},"end":{"line":38,"column":34}}},"9":{"name":"(anonymous_9)","line":39,"loc":{"start":{"line":39,"column":14},"end":{"line":39,"column":34}}},"10":{"name":"decorate","line":89,"loc":{"start":{"line":89,"column":4},"end":{"line":89,"column":67}}},"11":{"name":"metadata","line":153,"loc":{"start":{"line":153,"column":4},"end":{"line":153,"column":50}}},"12":{"name":"decorator","line":154,"loc":{"start":{"line":154,"column":8},"end":{"line":154,"column":48}}},"13":{"name":"defineMetadata","line":203,"loc":{"start":{"line":203,"column":4},"end":{"line":203,"column":77}}},"14":{"name":"hasMetadata","line":245,"loc":{"start":{"line":245,"column":4},"end":{"line":245,"column":59}}},"15":{"name":"hasOwnMetadata","line":287,"loc":{"start":{"line":287,"column":4},"end":{"line":287,"column":62}}},"16":{"name":"getMetadata","line":329,"loc":{"start":{"line":329,"column":4},"end":{"line":329,"column":59}}},"17":{"name":"getOwnMetadata","line":371,"loc":{"start":{"line":371,"column":4},"end":{"line":371,"column":62}}},"18":{"name":"getMetadataKeys","line":412,"loc":{"start":{"line":412,"column":4},"end":{"line":412,"column":50}}},"19":{"name":"getOwnMetadataKeys","line":453,"loc":{"start":{"line":453,"column":4},"end":{"line":453,"column":53}}},"20":{"name":"deleteMetadata","line":495,"loc":{"start":{"line":495,"column":4},"end":{"line":495,"column":62}}},"21":{"name":"DecorateConstructor","line":515,"loc":{"start":{"line":515,"column":4},"end":{"line":515,"column":53}}},"22":{"name":"DecorateProperty","line":527,"loc":{"start":{"line":527,"column":4},"end":{"line":527,"column":75}}},"23":{"name":"GetOrCreateMetadataMap","line":539,"loc":{"start":{"line":539,"column":4},"end":{"line":539,"column":50}}},"24":{"name":"OrdinaryHasMetadata","line":558,"loc":{"start":{"line":558,"column":4},"end":{"line":558,"column":52}}},"25":{"name":"OrdinaryHasOwnMetadata","line":569,"loc":{"start":{"line":569,"column":4},"end":{"line":569,"column":55}}},"26":{"name":"OrdinaryGetMetadata","line":577,"loc":{"start":{"line":577,"column":4},"end":{"line":577,"column":52}}},"27":{"name":"OrdinaryGetOwnMetadata","line":588,"loc":{"start":{"line":588,"column":4},"end":{"line":588,"column":55}}},"28":{"name":"OrdinaryDefineOwnMetadata","line":596,"loc":{"start":{"line":596,"column":4},"end":{"line":596,"column":73}}},"29":{"name":"OrdinaryMetadataKeys","line":602,"loc":{"start":{"line":602,"column":4},"end":{"line":602,"column":40}}},"30":{"name":"OrdinaryOwnMetadataKeys","line":634,"loc":{"start":{"line":634,"column":4},"end":{"line":634,"column":43}}},"31":{"name":"Type","line":665,"loc":{"start":{"line":665,"column":4},"end":{"line":665,"column":21}}},"32":{"name":"IsUndefined","line":680,"loc":{"start":{"line":680,"column":4},"end":{"line":680,"column":28}}},"33":{"name":"IsNull","line":685,"loc":{"start":{"line":685,"column":4},"end":{"line":685,"column":23}}},"34":{"name":"IsSymbol","line":690,"loc":{"start":{"line":690,"column":4},"end":{"line":690,"column":25}}},"35":{"name":"IsObject","line":695,"loc":{"start":{"line":695,"column":4},"end":{"line":695,"column":25}}},"36":{"name":"ToPrimitive","line":702,"loc":{"start":{"line":702,"column":4},"end":{"line":702,"column":47}}},"37":{"name":"OrdinaryToPrimitive","line":723,"loc":{"start":{"line":723,"column":4},"end":{"line":723,"column":42}}},"38":{"name":"ToBoolean","line":756,"loc":{"start":{"line":756,"column":4},"end":{"line":756,"column":33}}},"39":{"name":"ToString","line":761,"loc":{"start":{"line":761,"column":4},"end":{"line":761,"column":32}}},"40":{"name":"ToPropertyKey","line":766,"loc":{"start":{"line":766,"column":4},"end":{"line":766,"column":37}}},"41":{"name":"IsArray","line":776,"loc":{"start":{"line":776,"column":4},"end":{"line":776,"column":31}}},"42":{"name":"IsCallable","line":785,"loc":{"start":{"line":785,"column":4},"end":{"line":785,"column":34}}},"43":{"name":"IsConstructor","line":791,"loc":{"start":{"line":791,"column":4},"end":{"line":791,"column":37}}},"44":{"name":"IsPropertyKey","line":797,"loc":{"start":{"line":797,"column":4},"end":{"line":797,"column":37}}},"45":{"name":"GetMethod","line":808,"loc":{"start":{"line":808,"column":4},"end":{"line":808,"column":29}}},"46":{"name":"GetIterator","line":818,"loc":{"start":{"line":818,"column":4},"end":{"line":818,"column":30}}},"47":{"name":"IteratorValue","line":829,"loc":{"start":{"line":829,"column":4},"end":{"line":829,"column":39}}},"48":{"name":"IteratorStep","line":834,"loc":{"start":{"line":834,"column":4},"end":{"line":834,"column":36}}},"49":{"name":"IteratorClose","line":840,"loc":{"start":{"line":840,"column":4},"end":{"line":840,"column":37}}},"50":{"name":"OrdinaryGetPrototypeOf","line":849,"loc":{"start":{"line":849,"column":4},"end":{"line":849,"column":39}}},"51":{"name":"CreateMapPolyfill","line":878,"loc":{"start":{"line":878,"column":4},"end":{"line":878,"column":33}}},"52":{"name":"(anonymous_52)","line":881,"loc":{"start":{"line":881,"column":27},"end":{"line":881,"column":39}}},"53":{"name":"MapIterator","line":882,"loc":{"start":{"line":882,"column":12},"end":{"line":882,"column":57}}},"54":{"name":"(anonymous_54)","line":888,"loc":{"start":{"line":888,"column":50},"end":{"line":888,"column":62}}},"55":{"name":"(anonymous_55)","line":889,"loc":{"start":{"line":889,"column":52},"end":{"line":889,"column":64}}},"56":{"name":"(anonymous_56)","line":890,"loc":{"start":{"line":890,"column":41},"end":{"line":890,"column":53}}},"57":{"name":"(anonymous_57)","line":906,"loc":{"start":{"line":906,"column":42},"end":{"line":906,"column":59}}},"58":{"name":"(anonymous_58)","line":914,"loc":{"start":{"line":914,"column":43},"end":{"line":914,"column":60}}},"59":{"name":"(anonymous_59)","line":924,"loc":{"start":{"line":924,"column":16},"end":{"line":924,"column":28}}},"60":{"name":"Map","line":925,"loc":{"start":{"line":925,"column":12},"end":{"line":925,"column":27}}},"61":{"name":"(anonymous_61)","line":932,"loc":{"start":{"line":932,"column":21},"end":{"line":932,"column":33}}},"62":{"name":"(anonymous_62)","line":936,"loc":{"start":{"line":936,"column":32},"end":{"line":936,"column":47}}},"63":{"name":"(anonymous_63)","line":937,"loc":{"start":{"line":937,"column":32},"end":{"line":937,"column":47}}},"64":{"name":"(anonymous_64)","line":941,"loc":{"start":{"line":941,"column":32},"end":{"line":941,"column":54}}},"65":{"name":"(anonymous_65)","line":946,"loc":{"start":{"line":946,"column":35},"end":{"line":946,"column":50}}},"66":{"name":"(anonymous_66)","line":964,"loc":{"start":{"line":964,"column":34},"end":{"line":964,"column":46}}},"67":{"name":"(anonymous_67)","line":970,"loc":{"start":{"line":970,"column":33},"end":{"line":970,"column":45}}},"68":{"name":"(anonymous_68)","line":971,"loc":{"start":{"line":971,"column":35},"end":{"line":971,"column":47}}},"69":{"name":"(anonymous_69)","line":972,"loc":{"start":{"line":972,"column":36},"end":{"line":972,"column":48}}},"70":{"name":"(anonymous_70)","line":973,"loc":{"start":{"line":973,"column":42},"end":{"line":973,"column":54}}},"71":{"name":"(anonymous_71)","line":974,"loc":{"start":{"line":974,"column":44},"end":{"line":974,"column":56}}},"72":{"name":"(anonymous_72)","line":975,"loc":{"start":{"line":975,"column":34},"end":{"line":975,"column":57}}},"73":{"name":"getKey","line":988,"loc":{"start":{"line":988,"column":8},"end":{"line":988,"column":32}}},"74":{"name":"getValue","line":991,"loc":{"start":{"line":991,"column":8},"end":{"line":991,"column":36}}},"75":{"name":"getEntry","line":994,"loc":{"start":{"line":994,"column":8},"end":{"line":994,"column":38}}},"76":{"name":"CreateSetPolyfill","line":999,"loc":{"start":{"line":999,"column":4},"end":{"line":999,"column":33}}},"77":{"name":"(anonymous_77)","line":1000,"loc":{"start":{"line":1000,"column":16},"end":{"line":1000,"column":28}}},"78":{"name":"Set","line":1001,"loc":{"start":{"line":1001,"column":12},"end":{"line":1001,"column":27}}},"79":{"name":"(anonymous_79)","line":1005,"loc":{"start":{"line":1005,"column":21},"end":{"line":1005,"column":33}}},"80":{"name":"(anonymous_80)","line":1009,"loc":{"start":{"line":1009,"column":32},"end":{"line":1009,"column":49}}},"81":{"name":"(anonymous_81)","line":1010,"loc":{"start":{"line":1010,"column":32},"end":{"line":1010,"column":49}}},"82":{"name":"(anonymous_82)","line":1011,"loc":{"start":{"line":1011,"column":35},"end":{"line":1011,"column":52}}},"83":{"name":"(anonymous_83)","line":1012,"loc":{"start":{"line":1012,"column":34},"end":{"line":1012,"column":46}}},"84":{"name":"(anonymous_84)","line":1013,"loc":{"start":{"line":1013,"column":33},"end":{"line":1013,"column":45}}},"85":{"name":"(anonymous_85)","line":1014,"loc":{"start":{"line":1014,"column":35},"end":{"line":1014,"column":47}}},"86":{"name":"(anonymous_86)","line":1015,"loc":{"start":{"line":1015,"column":36},"end":{"line":1015,"column":48}}},"87":{"name":"(anonymous_87)","line":1016,"loc":{"start":{"line":1016,"column":42},"end":{"line":1016,"column":54}}},"88":{"name":"(anonymous_88)","line":1017,"loc":{"start":{"line":1017,"column":44},"end":{"line":1017,"column":56}}},"89":{"name":"CreateWeakMapPolyfill","line":1022,"loc":{"start":{"line":1022,"column":4},"end":{"line":1022,"column":37}}},"90":{"name":"(anonymous_90)","line":1026,"loc":{"start":{"line":1026,"column":16},"end":{"line":1026,"column":28}}},"91":{"name":"WeakMap","line":1027,"loc":{"start":{"line":1027,"column":12},"end":{"line":1027,"column":31}}},"92":{"name":"(anonymous_92)","line":1030,"loc":{"start":{"line":1030,"column":36},"end":{"line":1030,"column":54}}},"93":{"name":"(anonymous_93)","line":1034,"loc":{"start":{"line":1034,"column":36},"end":{"line":1034,"column":54}}},"94":{"name":"(anonymous_94)","line":1038,"loc":{"start":{"line":1038,"column":36},"end":{"line":1038,"column":61}}},"95":{"name":"(anonymous_95)","line":1043,"loc":{"start":{"line":1043,"column":39},"end":{"line":1043,"column":57}}},"96":{"name":"(anonymous_96)","line":1047,"loc":{"start":{"line":1047,"column":38},"end":{"line":1047,"column":50}}},"97":{"name":"CreateUniqueKey","line":1053,"loc":{"start":{"line":1053,"column":8},"end":{"line":1053,"column":35}}},"98":{"name":"GetOrCreateWeakMapTable","line":1061,"loc":{"start":{"line":1061,"column":8},"end":{"line":1061,"column":57}}},"99":{"name":"FillRandomBytes","line":1069,"loc":{"start":{"line":1069,"column":8},"end":{"line":1069,"column":47}}},"100":{"name":"GenRandomBytes","line":1074,"loc":{"start":{"line":1074,"column":8},"end":{"line":1074,"column":38}}},"101":{"name":"CreateUUID","line":1084,"loc":{"start":{"line":1084,"column":8},"end":{"line":1084,"column":30}}},"102":{"name":"MakeDictionary","line":1102,"loc":{"start":{"line":1102,"column":4},"end":{"line":1102,"column":33}}},"103":{"name":"(anonymous_103)","line":1108,"loc":{"start":{"line":1108,"column":5},"end":{"line":1108,"column":25}}}},"statementMap":{"1":{"start":{"line":15,"column":0},"end":{"line":15,"column":12}},"2":{"start":{"line":16,"column":0},"end":{"line":1124,"column":30}},"3":{"start":{"line":18,"column":4},"end":{"line":18,"column":49}},"4":{"start":{"line":20,"column":4},"end":{"line":20,"column":54}},"5":{"start":{"line":21,"column":4},"end":{"line":21,"column":127}},"6":{"start":{"line":22,"column":4},"end":{"line":22,"column":115}},"7":{"start":{"line":23,"column":4},"end":{"line":23,"column":16}},"8":{"start":{"line":24,"column":4},"end":{"line":40,"column":34}},"9":{"start":{"line":25,"column":8},"end":{"line":25,"column":65}},"10":{"start":{"line":26,"column":8},"end":{"line":26,"column":63}},"11":{"start":{"line":27,"column":8},"end":{"line":27,"column":58}},"12":{"start":{"line":29,"column":8},"end":{"line":33,"column":61}},"13":{"start":{"line":30,"column":28},"end":{"line":30,"column":71}},"14":{"start":{"line":32,"column":32},"end":{"line":32,"column":75}},"15":{"start":{"line":33,"column":32},"end":{"line":33,"column":58}},"16":{"start":{"line":34,"column":8},"end":{"line":36,"column":57}},"17":{"start":{"line":35,"column":36},"end":{"line":35,"column":65}},"18":{"start":{"line":36,"column":36},"end":{"line":36,"column":54}},"19":{"start":{"line":37,"column":8},"end":{"line":39,"column":55}},"20":{"start":{"line":38,"column":36},"end":{"line":38,"column":88}},"21":{"start":{"line":39,"column":36},"end":{"line":39,"column":52}},"22":{"start":{"line":42,"column":4},"end":{"line":42,"column":60}},"23":{"start":{"line":43,"column":4},"end":{"line":43,"column":128}},"24":{"start":{"line":44,"column":4},"end":{"line":44,"column":132}},"25":{"start":{"line":45,"column":4},"end":{"line":45,"column":132}},"26":{"start":{"line":46,"column":4},"end":{"line":46,"column":101}},"27":{"start":{"line":49,"column":4},"end":{"line":49,"column":34}},"28":{"start":{"line":89,"column":4},"end":{"line":109,"column":5}},"29":{"start":{"line":90,"column":8},"end":{"line":108,"column":9}},"30":{"start":{"line":91,"column":12},"end":{"line":92,"column":38}},"31":{"start":{"line":92,"column":16},"end":{"line":92,"column":38}},"32":{"start":{"line":93,"column":12},"end":{"line":94,"column":38}},"33":{"start":{"line":94,"column":16},"end":{"line":94,"column":38}},"34":{"start":{"line":95,"column":12},"end":{"line":96,"column":38}},"35":{"start":{"line":96,"column":16},"end":{"line":96,"column":38}},"36":{"start":{"line":97,"column":12},"end":{"line":98,"column":39}},"37":{"start":{"line":98,"column":16},"end":{"line":98,"column":39}},"38":{"start":{"line":99,"column":12},"end":{"line":99,"column":53}},"39":{"start":{"line":100,"column":12},"end":{"line":100,"column":81}},"40":{"start":{"line":103,"column":12},"end":{"line":104,"column":38}},"41":{"start":{"line":104,"column":16},"end":{"line":104,"column":38}},"42":{"start":{"line":105,"column":12},"end":{"line":106,"column":38}},"43":{"start":{"line":106,"column":16},"end":{"line":106,"column":38}},"44":{"start":{"line":107,"column":12},"end":{"line":107,"column":59}},"45":{"start":{"line":110,"column":4},"end":{"line":110,"column":32}},"46":{"start":{"line":153,"column":4},"end":{"line":162,"column":5}},"47":{"start":{"line":154,"column":8},"end":{"line":160,"column":9}},"48":{"start":{"line":155,"column":12},"end":{"line":156,"column":38}},"49":{"start":{"line":156,"column":16},"end":{"line":156,"column":38}},"50":{"start":{"line":157,"column":12},"end":{"line":158,"column":38}},"51":{"start":{"line":158,"column":16},"end":{"line":158,"column":38}},"52":{"start":{"line":159,"column":12},"end":{"line":159,"column":87}},"53":{"start":{"line":161,"column":8},"end":{"line":161,"column":25}},"54":{"start":{"line":163,"column":4},"end":{"line":163,"column":32}},"55":{"start":{"line":203,"column":4},"end":{"line":209,"column":5}},"56":{"start":{"line":204,"column":8},"end":{"line":205,"column":34}},"57":{"start":{"line":205,"column":12},"end":{"line":205,"column":34}},"58":{"start":{"line":206,"column":8},"end":{"line":207,"column":53}},"59":{"start":{"line":207,"column":12},"end":{"line":207,"column":53}},"60":{"start":{"line":208,"column":8},"end":{"line":208,"column":90}},"61":{"start":{"line":210,"column":4},"end":{"line":210,"column":44}},"62":{"start":{"line":245,"column":4},"end":{"line":251,"column":5}},"63":{"start":{"line":246,"column":8},"end":{"line":247,"column":34}},"64":{"start":{"line":247,"column":12},"end":{"line":247,"column":34}},"65":{"start":{"line":248,"column":8},"end":{"line":249,"column":53}},"66":{"start":{"line":249,"column":12},"end":{"line":249,"column":53}},"67":{"start":{"line":250,"column":8},"end":{"line":250,"column":69}},"68":{"start":{"line":252,"column":4},"end":{"line":252,"column":38}},"69":{"start":{"line":287,"column":4},"end":{"line":293,"column":5}},"70":{"start":{"line":288,"column":8},"end":{"line":289,"column":34}},"71":{"start":{"line":289,"column":12},"end":{"line":289,"column":34}},"72":{"start":{"line":290,"column":8},"end":{"line":291,"column":53}},"73":{"start":{"line":291,"column":12},"end":{"line":291,"column":53}},"74":{"start":{"line":292,"column":8},"end":{"line":292,"column":72}},"75":{"start":{"line":294,"column":4},"end":{"line":294,"column":44}},"76":{"start":{"line":329,"column":4},"end":{"line":335,"column":5}},"77":{"start":{"line":330,"column":8},"end":{"line":331,"column":34}},"78":{"start":{"line":331,"column":12},"end":{"line":331,"column":34}},"79":{"start":{"line":332,"column":8},"end":{"line":333,"column":53}},"80":{"start":{"line":333,"column":12},"end":{"line":333,"column":53}},"81":{"start":{"line":334,"column":8},"end":{"line":334,"column":69}},"82":{"start":{"line":336,"column":4},"end":{"line":336,"column":38}},"83":{"start":{"line":371,"column":4},"end":{"line":377,"column":5}},"84":{"start":{"line":372,"column":8},"end":{"line":373,"column":34}},"85":{"start":{"line":373,"column":12},"end":{"line":373,"column":34}},"86":{"start":{"line":374,"column":8},"end":{"line":375,"column":53}},"87":{"start":{"line":375,"column":12},"end":{"line":375,"column":53}},"88":{"start":{"line":376,"column":8},"end":{"line":376,"column":72}},"89":{"start":{"line":378,"column":4},"end":{"line":378,"column":44}},"90":{"start":{"line":412,"column":4},"end":{"line":418,"column":5}},"91":{"start":{"line":413,"column":8},"end":{"line":414,"column":34}},"92":{"start":{"line":414,"column":12},"end":{"line":414,"column":34}},"93":{"start":{"line":415,"column":8},"end":{"line":416,"column":53}},"94":{"start":{"line":416,"column":12},"end":{"line":416,"column":53}},"95":{"start":{"line":417,"column":8},"end":{"line":417,"column":57}},"96":{"start":{"line":419,"column":4},"end":{"line":419,"column":46}},"97":{"start":{"line":453,"column":4},"end":{"line":459,"column":5}},"98":{"start":{"line":454,"column":8},"end":{"line":455,"column":34}},"99":{"start":{"line":455,"column":12},"end":{"line":455,"column":34}},"100":{"start":{"line":456,"column":8},"end":{"line":457,"column":53}},"101":{"start":{"line":457,"column":12},"end":{"line":457,"column":53}},"102":{"start":{"line":458,"column":8},"end":{"line":458,"column":60}},"103":{"start":{"line":460,"column":4},"end":{"line":460,"column":52}},"104":{"start":{"line":495,"column":4},"end":{"line":513,"column":5}},"105":{"start":{"line":496,"column":8},"end":{"line":497,"column":34}},"106":{"start":{"line":497,"column":12},"end":{"line":497,"column":34}},"107":{"start":{"line":498,"column":8},"end":{"line":499,"column":53}},"108":{"start":{"line":499,"column":12},"end":{"line":499,"column":53}},"109":{"start":{"line":500,"column":8},"end":{"line":500,"column":88}},"110":{"start":{"line":501,"column":8},"end":{"line":502,"column":25}},"111":{"start":{"line":502,"column":12},"end":{"line":502,"column":25}},"112":{"start":{"line":503,"column":8},"end":{"line":504,"column":25}},"113":{"start":{"line":504,"column":12},"end":{"line":504,"column":25}},"114":{"start":{"line":505,"column":8},"end":{"line":506,"column":24}},"115":{"start":{"line":506,"column":12},"end":{"line":506,"column":24}},"116":{"start":{"line":507,"column":8},"end":{"line":507,"column":50}},"117":{"start":{"line":508,"column":8},"end":{"line":508,"column":43}},"118":{"start":{"line":509,"column":8},"end":{"line":510,"column":24}},"119":{"start":{"line":510,"column":12},"end":{"line":510,"column":24}},"120":{"start":{"line":511,"column":8},"end":{"line":511,"column":32}},"121":{"start":{"line":512,"column":8},"end":{"line":512,"column":20}},"122":{"start":{"line":514,"column":4},"end":{"line":514,"column":44}},"123":{"start":{"line":515,"column":4},"end":{"line":526,"column":5}},"124":{"start":{"line":516,"column":8},"end":{"line":524,"column":9}},"125":{"start":{"line":517,"column":12},"end":{"line":517,"column":42}},"126":{"start":{"line":518,"column":12},"end":{"line":518,"column":46}},"127":{"start":{"line":519,"column":12},"end":{"line":523,"column":13}},"128":{"start":{"line":520,"column":16},"end":{"line":521,"column":42}},"129":{"start":{"line":521,"column":20},"end":{"line":521,"column":42}},"130":{"start":{"line":522,"column":16},"end":{"line":522,"column":35}},"131":{"start":{"line":525,"column":8},"end":{"line":525,"column":22}},"132":{"start":{"line":527,"column":4},"end":{"line":538,"column":5}},"133":{"start":{"line":528,"column":8},"end":{"line":536,"column":9}},"134":{"start":{"line":529,"column":12},"end":{"line":529,"column":42}},"135":{"start":{"line":530,"column":12},"end":{"line":530,"column":71}},"136":{"start":{"line":531,"column":12},"end":{"line":535,"column":13}},"137":{"start":{"line":532,"column":16},"end":{"line":533,"column":42}},"138":{"start":{"line":533,"column":20},"end":{"line":533,"column":42}},"139":{"start":{"line":534,"column":16},"end":{"line":534,"column":39}},"140":{"start":{"line":537,"column":8},"end":{"line":537,"column":26}},"141":{"start":{"line":539,"column":4},"end":{"line":555,"column":5}},"142":{"start":{"line":540,"column":8},"end":{"line":540,"column":45}},"143":{"start":{"line":541,"column":8},"end":{"line":546,"column":9}},"144":{"start":{"line":542,"column":12},"end":{"line":543,"column":33}},"145":{"start":{"line":543,"column":16},"end":{"line":543,"column":33}},"146":{"start":{"line":544,"column":12},"end":{"line":544,"column":40}},"147":{"start":{"line":545,"column":12},"end":{"line":545,"column":44}},"148":{"start":{"line":547,"column":8},"end":{"line":547,"column":48}},"149":{"start":{"line":548,"column":8},"end":{"line":553,"column":9}},"150":{"start":{"line":549,"column":12},"end":{"line":550,"column":33}},"151":{"start":{"line":550,"column":16},"end":{"line":550,"column":33}},"152":{"start":{"line":551,"column":12},"end":{"line":551,"column":37}},"153":{"start":{"line":552,"column":12},"end":{"line":552,"column":47}},"154":{"start":{"line":554,"column":8},"end":{"line":554,"column":27}},"155":{"start":{"line":558,"column":4},"end":{"line":566,"column":5}},"156":{"start":{"line":559,"column":8},"end":{"line":559,"column":63}},"157":{"start":{"line":560,"column":8},"end":{"line":561,"column":24}},"158":{"start":{"line":561,"column":12},"end":{"line":561,"column":24}},"159":{"start":{"line":562,"column":8},"end":{"line":562,"column":47}},"160":{"start":{"line":563,"column":8},"end":{"line":564,"column":63}},"161":{"start":{"line":564,"column":12},"end":{"line":564,"column":63}},"162":{"start":{"line":565,"column":8},"end":{"line":565,"column":21}},"163":{
[...]
el;","                    this._values = arraySentinel;","                }","                return { value: value, done: true };","            };","            return MapIterator;","        }());","        return (function () {","            function Map() {","                this._keys = [];","                this._values = [];","                this._cacheKey = cacheSentinel;","                this._cacheIndex = -2;","            }","            Object.defineProperty(Map.prototype, \"size\", {","                get: function () { return this._keys.length; },","                enumerable: true,","                configurable: true","            });","            Map.prototype.has = function (key) { return this._find(key, /*insert*/ false) >= 0; };","            Map.prototype.get = function (key) {","                var index = this._find(key, /*insert*/ false);","                return index >= 0 ? this._values[index] : undefined;","            };","            Map.prototype.set = function (key, value) {","                var index = this._find(key, /*insert*/ true);","                this._values[index] = value;","                return this;","            };","            Map.prototype.delete = function (key) {","                var index = this._find(key, /*insert*/ false);","                if (index >= 0) {","                    var size = this._keys.length;","                    for (var i = index + 1; i < size; i++) {","                        this._keys[i - 1] = this._keys[i];","                        this._values[i - 1] = this._values[i];","                    }","                    this._keys.length--;","                    this._values.length--;","                    if (key === this._cacheKey) {","                        this._cacheKey = cacheSentinel;","                        this._cacheIndex = -2;","                    }","                    return true;","                }","                return false;","            };","            Map.prototype.clear = function () {","                this._keys.length = 0;","                this._values.length = 0;","                this._cacheKey = cacheSentinel;","                this._cacheIndex = -2;","            };","            Map.prototype.keys = function () { return new MapIterator(this._keys, this._values, getKey); };","            Map.prototype.values = function () { return new MapIterator(this._keys, this._values, getValue); };","            Map.prototype.entries = function () { return new MapIterator(this._keys, this._values, getEntry); };","            Map.prototype[\"@@iterator\"] = function () { return this.entries(); };","            Map.prototype[iteratorSymbol] = function () { return this.entries(); };","            Map.prototype._find = function (key, insert) {","                if (this._cacheKey !== key) {","                    this._cacheIndex = this._keys.indexOf(this._cacheKey = key);","                }","                if (this._cacheIndex < 0 && insert) {","                    this._cacheIndex = this._keys.length;","                    this._keys.push(key);","                    this._values.push(undefined);","                }","                return this._cacheIndex;","            };","            return Map;","        }());","        function getKey(key, _) {","            return key;","        }","        function getValue(_, value) {","            return value;","        }","        function getEntry(key, value) {","            return [key, value];","        }","    }","    // naive Set shim","    function CreateSetPolyfill() {","        return (function () {","            function Set() {","                this._map = new _Map();","            }","            Object.defineProperty(Set.prototype, \"size\", {","                get: function () { return this._map.size; },","                enumerable: true,","                configurable: true","            });","            Set.prototype.has = function (value) { return this._map.has(value); };","            Set.prototype.add = function (value) { return this._map.set(value, value), this; };","            Set.prototype.delete = function (value) { return this._map.delete(value); };","            Set.prototype.clear = function () { this._map.clear(); };","            Set.prototype.keys = function () { return this._map.keys(); };","            Set.prototype.values = function () { return this._map.values(); };","            Set.prototype.entries = function () { return this._map.entries(); };","            Set.prototype[\"@@iterator\"] = function () { return this.keys(); };","            Set.prototype[iteratorSymbol] = function () { return this.keys(); };","            return Set;","        }());","    }","    // naive WeakMap shim","    function CreateWeakMapPolyfill() {","        var UUID_SIZE = 16;","        var keys = HashMap.create();","        var rootKey = CreateUniqueKey();","        return (function () {","            function WeakMap() {","                this._key = CreateUniqueKey();","            }","            WeakMap.prototype.has = function (target) {","                var table = GetOrCreateWeakMapTable(target, /*create*/ false);","                return table !== undefined ? HashMap.has(table, this._key) : false;","            };","            WeakMap.prototype.get = function (target) {","                var table = GetOrCreateWeakMapTable(target, /*create*/ false);","                return table !== undefined ? HashMap.get(table, this._key) : undefined;","            };","            WeakMap.prototype.set = function (target, value) {","                var table = GetOrCreateWeakMapTable(target, /*create*/ true);","                table[this._key] = value;","                return this;","            };","            WeakMap.prototype.delete = function (target) {","                var table = GetOrCreateWeakMapTable(target, /*create*/ false);","                return table !== undefined ? delete table[this._key] : false;","            };","            WeakMap.prototype.clear = function () {","                // NOTE: not a real clear, just makes the previous data unreachable","                this._key = CreateUniqueKey();","            };","            return WeakMap;","        }());","        function CreateUniqueKey() {","            var key;","            do","                key = \"@@WeakMap@@\" + CreateUUID();","            while (HashMap.has(keys, key));","            keys[key] = true;","            return key;","        }","        function GetOrCreateWeakMapTable(target, create) {","            if (!hasOwn.call(target, rootKey)) {","                if (!create)","                    return undefined;","                Object.defineProperty(target, rootKey, { value: HashMap.create() });","            }","            return target[rootKey];","        }","        function FillRandomBytes(buffer, size) {","            for (var i = 0; i < size; ++i)","                buffer[i] = Math.random() * 0xff | 0;","            return buffer;","        }","        function GenRandomBytes(size) {","            if (typeof Uint8Array === \"function\") {","                if (typeof crypto !== \"undefined\")","                    return crypto.getRandomValues(new Uint8Array(size));","                if (typeof msCrypto !== \"undefined\")","                    return msCrypto.getRandomValues(new Uint8Array(size));","                return FillRandomBytes(new Uint8Array(size), size);","            }","            return FillRandomBytes(new Array(size), size);","        }","        function CreateUUID() {","            var data = GenRandomBytes(UUID_SIZE);","            // mark as random - RFC 4122 § 4.4","            data[6] = data[6] & 0x4f | 0x40;","            data[8] = data[8] & 0xbf | 0x80;","            var result = \"\";","            for (var offset = 0; offset < UUID_SIZE; ++offset) {","                var byte = data[offset];","                if (offset === 4 || offset === 6 || offset === 8)","                    result += \"-\";","                if (byte < 16)","                    result += \"0\";","                result += byte.toString(16).toLowerCase();","            }","            return result;","        }","    }","    // uses a heuristic used by v8 and chakra to force an object into dictionary mode.","    function MakeDictionary(obj) {","        obj.__ = undefined;","        delete obj.__;","        return obj;","    }","    // patch global Reflect","    (function (__global) {","        if (typeof __global.Reflect !== \"undefined\") {","            if (__global.Reflect !== Reflect) {","                for (var p in Reflect) {","                    if (hasOwn.call(Reflect, p)) {","                        __global.Reflect[p] = Reflect[p];","                    }","                }","            }","        }","        else {","            __global.Reflect = Reflect;","        }","    })(typeof global !== \"undefined\" ? global :","        typeof self !== \"undefined\" ? self :","            Function(\"return this;\")());","})(Reflect || (Reflect = {}));","//# sourceMappingURL=Reflect.js.map"],"l":{"15":1,"16":1,"18":1,"20":1,"21":1,"22":1,"23":1,"24":1,"25":1,"26":1,"27":1,"29":1,"30":0,"32":0,"33":0,"34":1,"35":0,"36":0,"37":1,"38":0,"39":0,"42":1,"43":1,"44":1,"45":1,"46":1,"49":1,"89":1,"90":0,"91":0,"92":0,"93":0,"94":0,"95":0,"96":0,"97":0,"98":0,"99":0,"100":0,"103":0,"104":0,"105":0,"106":0,"107":0,"110":1,"153":1,"154":1,"155":0,"156":0,"157":0,"158":0,"159":0,"161":0,"163":1,"203":1,"204":0,"205":0,"206":0,"207":0,"208":0,"210":1,"245":1,"246":0,"247":0,"248":0,"249":0,"250":0,"252":1,"287":1,"288":0,"289":0,"290":0,"291":0,"292":0,"294":1,"329":1,"330":0,"331":0,"332":0,"333":0,"334":0,"336":1,"371":1,"372":0,"373":0,"374":0,"375":0,"376":0,"378":1,"412":1,"413":0,"414":0,"415":0,"416":0,"417":0,"419":1,"453":1,"454":0,"455":0,"456":0,"457":0,"458":0,"460":1,"495":1,"496":0,"497":0,"498":0,"499":0,"500":0,"501":0,"502":0,"503":0,"504":0,"505":0,"506":0,"507":0,"508":0,"509":0,"510":0,"511":0,"512":0,"514":1,"515":1,"516":0,"517":0,"518":0,"519":0,"520":0,"521":0,"522":0,"525":0,"527":1,"528":0,"529":0,"530":0,"531":0,"532":0,"533":0,"534":0,"537":0,"539":1,"540":0,"541":0,"542":0,"543":0,"544":0,"545":0,"547":0,"548":0,"549":0,"550":0,"551":0,"552":0,"554":0,"558":1,"559":0,"560":0,"561":0,"562":0,"563":0,"564":0,"565":0,"569":1,"570":0,"571":0,"572":0,"573":0,"577":1,"578":0,"579":0,"580":0,"581":0,"582":0,"583":0,"584":0,"588":1,"589":0,"590":0,"591":0,"592":0,"596":1,"597":0,"598":0,"602":1,"603":0,"604":0,"605":0,"606":0,"607":0,"608":0,"609":0,"610":0,"611":0,"612":0,"613":0,"614":0,"615":0,"616":0,"617":0,"618":0,"619":0,"622":0,"623":0,"624":0,"625":0,"626":0,"627":0,"630":0,"634":1,"635":0,"636":0,"637":0,"638":0,"639":0,"640":0,"641":0,"642":0,"643":0,"644":0,"645":0,"646":0,"648":0,"649":0,"650":0,"653":0,"654":0,"657":0,"660":0,"665":1,"666":0,"667":0,"668":0,"669":0,"670":0,"671":0,"672":0,"673":0,"674":0,"675":0,"680":1,"681":0,"685":1,"686":0,"690":1,"691":0,"695":1,"696":0,"702":1,"703":0,"704":0,"705":0,"706":0,"707":0,"708":0,"709":0,"711":0,"712":0,"713":0,"714":0,"715":0,"716":0,"717":0,"719":0,"723":1,"724":0,"725":0,"726":0,"727":0,"728":0,"729":0,"731":0,"732":0,"733":0,"734":0,"735":0,"739":0,"740":0,"741":0,"742":0,"743":0,"745":0,"746":0,"747":0,"748":0,"749":0,"752":0,"756":1,"757":0,"761":1,"762":0,"766":1,"767":0,"768":0,"769":0,"770":0,"776":1,"777":0,"785":1,"787":0,"791":1,"793":0,"797":1,"798":0,"799":0,"800":0,"801":0,"808":1,"809":0,"810":0,"811":0,"812":0,"813":0,"814":0,"818":1,"819":0,"820":0,"821":0,"822":0,"823":0,"824":0,"825":0,"829":1,"830":0,"834":1,"835":0,"836":0,"840":1,"841":0,"842":0,"843":0,"849":1,"850":0,"851":0,"852":0,"860":0,"861":0,"863":0,"864":0,"865":0,"866":0,"868":0,"869":0,"870":0,"872":0,"873":0,"875":0,"878":1,"879":0,"880":0,"881":0,"882":1,"883":0,"884":0,"885":0,"886":0,"888":0,"889":0,"890":0,"891":0,"892":0,"893":0,"894":0,"895":0,"896":0,"897":0,"900":0,"902":0,"904":0,"906":0,"907":0,"908":0,"909":0,"910":0,"912":0,"914":0,"915":0,"916":0,"917":0,"918":0,"920":0,"922":0,"924":0,"925":1,"926":0,"927":0,"928":0,"929":0,"931":0,"932":0,"936":0,"937":0,"938":0,"939":0,"941":0,"942":0,"943":0,"944":0,"946":0,"947":0,"948":0,"949":0,"950":0,"951":0,"952":0,"954":0,"955":0,"956":0,"957":0,"958":0,"960":0,"962":0,"964":0,"965":0,"966":0,"967":0,"968":0,"970":0,"971":0,"972":0,"973":0,"974":0,"975":0,"976":0,"977":0,"979":0,"980":0,"981":0,"982":0,"984":0,"986":0,"988":1,"989":0,"991":1,"992":0,"994":1,"995":0,"999":1,"1000":0,"1001":1,"1002":0,"1004":0,"1005":0,"1009":0,"1010":0,"1011":0,"1012":0,"1013":0,"1014":0,"1015":0,"1016":0,"1017":0,"1018":0,"1022":1,"1023":0,"1024":0,"1025":0,"1026":0,"1027":1,"1028":0,"1030":0,"1031":0,"1032":0,"1034":0,"1035":0,"1036":0,"1038":0,"1039":0,"1040":0,"1041":0,"1043":0,"1044":0,"1045":0,"1047":0,"1049":0,"1051":0,"1053":1,"1054":0,"1055":0,"1056":0,"1058":0,"1059":0,"1061":1,"1062":0,"1063":0,"1064":0,"1065":0,"1067":0,"1069":1,"1070":0,"1071":0,"1072":0,"1074":1,"1075":0,"1076":0,"1077":0,"1078":0,"1079":0,"1080":0,"1082":0,"1084":1,"1085":0,"1087":0,"1088":0,"1089":0,"1090":0,"1091":0,"1092":0,"1093":0,"1094":0,"1095":0,"1096":0,"1098":0,"1102":1,"1103":0,"1104":0,"1105":0,"1108":1,"1109":1,"1110":1,"1111":1,"1112":10,"1113":10,"1119":0}},"/home/travis/build/npmtest/node-npmtest-reflect-metadata/node_modules/reflect-metadata/gulpfile.js":{"path":"/home/travis/build/npmtest/node-npmtest-reflect-metadata/node_modules/reflect-metadata/gulpfile.js","s":{"1":2,"2":0,"3":0,"4":0,"5":0,"6":0,"7":0,"8":0,"9":0,"10":0,"11":0,"12":0,"13":0,"14":0,"15":0,"16":0,"17":0,"18":0,"19":0,"20":0,"21":0,"22":0,"23":0,"24":0,"25":0,"26":0,"27":0,"28":0,"29":0,"30":0,"31":0,"32":0,"33":0,"34":0,"35":0,"36":0,"37":0,"38":0,"39":0,"40":0,"41":0,"42":0,"43":0,"44":0},"b":{"1":[0,0],"2":[0,0]},"f":{},"fnMap":{},"statementMap":{"1":{"start":{"line":1,"column":0},"end":{"line":1,"column":29}},"2":{"start":{"line":2,"column":0},"end":{"line":2,"column":42}},"3":{"start":{"line":3,"column":0},"end":{"line":3,"column":27}},"4":{"start":{"line":4,"column":0},"end":{"line":4,"column":32}},"5":{"start":{"line":5,"column":0},"end":{"line":5,"column":36}},"6":{"start":{"line":6,"column":0},"end":{"line":6,"column":32}},"7":{"start":{"line":7,"column":0},"end":{"line":7,"column":38}},"8":{"start":{"line":8,"column":0},"end":{"line":8,"column":40}},"9":{"start":{"line":9,"column":0},"end":{"line":9,"column":45}},"10":{"start":{"line":11,"column":0},"end":{"line":11,"column":44}},"11":{"start":{"line":12,"column":0},"end":{"line":12,"column":47}},"12":{"start":{"line":14,"column":0},"end":{"line":14,"column":68}},"13":{"start":{"line":14,"column":25},"end":{"line":14,"column":66}},"14":{"start":{"line":16,"column":0},"end":{"line":19,"column":27}},"15":{"start":{"line":16,"column":33},"end":{"line":19,"column":25}},"16":{"start":{"line":21,"column":0},"end":{"line":24,"column":30}},"17":{"start":{"line":21,"column":50},"end":{"line":24,"column":28}},"18":{"start":{"line":26,"column":0},"end":{"line":34,"column":30}},"19":{"start":{"line":26,"column":30},"end":{"line":34,"column":28}},"20":{"start":{"line":30,"column":8},"end":{"line":32,"column":9}},"21":{"start":{"line":31,"column":12},"end":{"line":31,"column":36}},"22":{"start":{"line":36,"column":0},"end":{"line":36,"column":50}},"23":{"start":{"line":38,"column":0},"end":{"line":40,"column":3}},"24":{"start":{"line":39,"column":4},"end":{"line":39,"column":62}},"25":{"start":{"line":42,"column":0},"end":{"line":44,"column":39}},"26":{"start":{"line":42,"column":41},"end":{"line":44,"column":37}},"27":{"start":{"line":46,"column":0},"end":{"line":48,"column":39}},"28":{"start":{"line":46,"column":70},"end":{"line":48,"column":37}},"29":{"start":{"line":50,"column":0},"end":{"line":50,"column":129}},"30":{"start":{"line":50,"column":33},"end":{"line":50,"column":127}},"31":{"start":{"line":51,"column":0},"end":{"line":51,"column":73}},"32":{"start":{"line":51,"column":30},"end":{"line":51,"column":71}},"33":{"start":{"line":52,"column":0},"end":{"line":57,"column":3}},"34":{"start":{"line":53,"column":4},"end":{"line":53,"column":44}},"35":{"start":{"line":54,"column":4},"end":{"line":54,"column":35}},"36":{"start":{"line":55,"column":4},"end":{"line":55,"column":59}},"37":{"start":{"line":55,"column":38},"end":{"line":55,"column":57}},"38":{"start":{"line":56,"column":4},"end":{"line":56,"column":19}},"39":{"start":{"line":59,"column":0},"end":{"line":59,"column":72}},"40":{"start":{"line":60,"column":0},"end":{"line":60,"column":40}},"41":{"start":{"line":61,"column":0},"end":{"line":61,"column":36}},"42":{"start":{"line":62,"column":0},"end":{"line":62,"column":34}},"43":{"start":{"line":63,"column":0},"end":{"line":63,"column":30}},"44":{"start":{"line":64,"column":0},"end":{"line":64,"column":40}}},"branchMap":{"1":{"line":30,"type":"if","locations":[{"start":{"line":30,"column":8},"end":{"line":30,"column":8}},{"start":{"line":30,"column":8},"end":{"line":30,"column":8}}]},"2":{"line":30,"type":"binary-expr","locations":[{"start":{"line":30,"column":12},"end":{"line":30,"column":36}},{"start":{"line":30,"column":40},"end":{"line":30,"column":64}}]}},"code":["const gulp = require(\"gulp\");","const sequence = require(\"gulp-sequence\");","const del = require(\"del\");","const tsb = require(\"gulp-tsb\");","const mocha = require(\"gulp-mocha\");","const emu = require(\"gulp-emu\");","const rename = require(\"gulp-rename\");","const gls = require(\"gulp-live-server\");","const spawn = require(\"child_process\").spawn;","","const project = tsb.create(\"tsconfig.json\");","const tests = tsb.create(\"test/tsconfig.json\");","","gulp.task(\"clean\", () => del([\"test/**/*.js\", \"test/**/*.js.map\"]));","","gulp.task(\"build:reflect\", () => gulp","    .src([\"Reflect.ts\"])","    .pipe(project())","    .pipe(gulp.dest(\".\")));","","gulp.task(\"build:tests\", [\"build:reflect\"], () => gulp","    .src([\"test/**/*.ts\"])","    .pipe(tests())","    .pipe(gulp.dest(\"test\")));","","gulp.task(\"build:spec\", () => gulp","    .src([\"spec.html\"])","    .pipe(emu({ js: \"ecmarkup.js\", css: \"ecmarkup.css\", biblio: true }))","    .pipe(rename(path => {","        if (path.basename === \"spec\" && path.extname === \".html\") {","            path.basename = \"index\";","        }","    }))","    .pipe(gulp.dest(\"docs\")));","","gulp.task(\"build\", [\"build:tests\", \"build:spec\"]);","","gulp.task(\"use-polyfill\", () => {","    process.env[\"REFLECT_METADATA_USE_MAP_POLYFILL\"] = \"true\";","});","","gulp.task(\"test\", [\"build:tests\"], () => gulp","    .src([\"test/**/*.js\"], { read: false })","    .pipe(mocha({ reporter: \"dot\" })));","","gulp.task(\"test:use-polyfill\", [\"build:tests\", \"use-polyfill\"], () => gulp","    .src([\"test/**/*.js\"], { read: false })","    .pipe(mocha({ reporter: \"dot\" })));","","gulp.task(\"watch:reflect\", () => gulp.watch([\"Reflect.ts\", \"tsconfig.json\", \"test/**/*.ts\", \"test/**/tsconfig.json\"], [\"test\"]));","gulp.task(\"watch:spec\", () => gulp.watch([\"spec.html\"], [\"build:spec\"]));","gulp.task(\"watch\", [\"watch:reflect\", \"watch:spec\"], () => {","    const server = gls.static(\"docs\", 8080);","    const promise = server.start();","    gulp.watch([\"docs/**/*\"], file => server.notify(file));","    return promise;","});","","gulp.task(\"prepublish\", sequence(\"clean\", \"test\", \"test:use-polyfill\"));","gulp.task(\"reflect\", [\"build:reflect\"]);","gulp.task(\"tests\", [\"build:tests\"]);","gulp.task(\"spec\", [\"build:spec\"]);","gulp.task(\"start\", [\"watch\"]);","gulp.task(\"default\", [\"build\", \"test\"]);",""],"l":{"1":2,"2":0,"3":0,"4":0,"5":0,"6":0,"7":0,"8":0,"9":0,"11":0,"12":0,"14":0,"16":0,"21":0,"26":0,"30":0,"31":0,"36":0,"38":0,"39":0,"42":0,"46":0,"50":0,"51":0,"52":0,"53":0,"54":0,"55":0,"56":0,"59":0,"60":0,"61":0,"62":0,"63":0,"64":0}}}